{"/workspace/PSA-Nashik-App/backend/src/config.ts": {"path":"/workspace/PSA-Nashik-App/backend/src/config.ts","statementMap":{"0":{"start":{"line":15,"column":13},"end":{"line":26,"column":2}}},"fnMap":{},"branchMap":{"0":{"loc":{"start":{"line":18,"column":14},"end":{"line":18,"column":100}},"type":"binary-expr","locations":[{"start":{"line":18,"column":14},"end":{"line":18,"column":43}},{"start":{"line":18,"column":47},"end":{"line":18,"column":100}}]},"1":{"loc":{"start":{"line":19,"column":12},"end":{"line":19,"column":46}},"type":"binary-expr","locations":[{"start":{"line":19,"column":12},"end":{"line":19,"column":40}},{"start":{"line":19,"column":44},"end":{"line":19,"column":46}}]},"2":{"loc":{"start":{"line":20,"column":23},"end":{"line":20,"column":78}},"type":"binary-expr","locations":[{"start":{"line":20,"column":23},"end":{"line":20,"column":55}},{"start":{"line":20,"column":59},"end":{"line":20,"column":78}}]},"3":{"loc":{"start":{"line":23,"column":10},"end":{"line":23,"column":47}},"type":"binary-expr","locations":[{"start":{"line":23,"column":10},"end":{"line":23,"column":32}},{"start":{"line":23,"column":36},"end":{"line":23,"column":47}}]},"4":{"loc":{"start":{"line":24,"column":19},"end":{"line":24,"column":51}},"type":"binary-expr","locations":[{"start":{"line":24,"column":19},"end":{"line":24,"column":41}},{"start":{"line":24,"column":45},"end":{"line":24,"column":51}}]}},"s":{"0":1},"f":{},"b":{"0":[1,1],"1":[1,1],"2":[1,1],"3":[1,1],"4":[1,1]}}
,"/workspace/PSA-Nashik-App/backend/src/index.ts": {"path":"/workspace/PSA-Nashik-App/backend/src/index.ts","statementMap":{"0":{"start":{"line":2,"column":0},"end":{"line":2,"column":30}},"1":{"start":{"line":3,"column":0},"end":{"line":3,"column":28}},"2":{"start":{"line":4,"column":0},"end":{"line":4,"column":48}},"3":{"start":{"line":5,"column":0},"end":{"line":5,"column":55}},"4":{"start":{"line":6,"column":0},"end":{"line":6,"column":52}},"5":{"start":{"line":7,"column":0},"end":{"line":7,"column":66}},"6":{"start":{"line":8,"column":0},"end":{"line":8,"column":54}},"7":{"start":{"line":10,"column":0},"end":{"line":10,"column":16}},"8":{"start":{"line":11,"column":12},"end":{"line":11,"column":21}},"9":{"start":{"line":12,"column":13},"end":{"line":12,"column":38}},"10":{"start":{"line":15,"column":2},"end":{"line":45,"column":3}},"11":{"start":{"line":17,"column":4},"end":{"line":17,"column":31}},"12":{"start":{"line":18,"column":4},"end":{"line":18,"column":19}},"13":{"start":{"line":19,"column":4},"end":{"line":19,"column":48}},"14":{"start":{"line":22,"column":4},"end":{"line":22,"column":28}},"15":{"start":{"line":25,"column":4},"end":{"line":27,"column":7}},"16":{"start":{"line":26,"column":6},"end":{"line":26,"column":45}},"17":{"start":{"line":29,"column":4},"end":{"line":29,"column":37}},"18":{"start":{"line":30,"column":4},"end":{"line":30,"column":44}},"19":{"start":{"line":31,"column":4},"end":{"line":31,"column":44}},"20":{"start":{"line":34,"column":4},"end":{"line":37,"column":7}},"21":{"start":{"line":35,"column":6},"end":{"line":35,"column":31}},"22":{"start":{"line":36,"column":6},"end":{"line":36,"column":63}},"23":{"start":{"line":39,"column":4},"end":{"line":41,"column":7}},"24":{"start":{"line":40,"column":6},"end":{"line":40,"column":52}},"25":{"start":{"line":43,"column":4},"end":{"line":43,"column":52}},"26":{"start":{"line":44,"column":4},"end":{"line":44,"column":20}},"27":{"start":{"line":48,"column":0},"end":{"line":48,"column":14}}},"fnMap":{"0":{"name":"startServer","decl":{"start":{"line":14,"column":15},"end":{"line":14,"column":26}},"loc":{"start":{"line":14,"column":26},"end":{"line":46,"column":null}}},"1":{"name":"(anonymous_10)","decl":{"start":{"line":25,"column":27},"end":{"line":25,"column":28}},"loc":{"start":{"line":25,"column":40},"end":{"line":27,"column":5}}},"2":{"name":"(anonymous_11)","decl":{"start":{"line":34,"column":12},"end":{"line":34,"column":13}},"loc":{"start":{"line":34,"column":100},"end":{"line":37,"column":5}}},"3":{"name":"(anonymous_12)","decl":{"start":{"line":39,"column":21},"end":{"line":39,"column":24}},"loc":{"start":{"line":39,"column":26},"end":{"line":41,"column":5}}}},"branchMap":{"0":{"loc":{"start":{"line":12,"column":13},"end":{"line":12,"column":38}},"type":"binary-expr","locations":[{"start":{"line":12,"column":13},"end":{"line":12,"column":29}},{"start":{"line":12,"column":33},"end":{"line":12,"column":38}}]}},"s":{"0":0,"1":0,"2":0,"3":0,"4":0,"5":0,"6":0,"7":0,"8":0,"9":0,"10":0,"11":0,"12":0,"13":0,"14":0,"15":0,"16":0,"17":0,"18":0,"19":0,"20":0,"21":0,"22":0,"23":0,"24":0,"25":0,"26":0,"27":0},"f":{"0":0,"1":0,"2":0,"3":0},"b":{"0":[0,0]}}
,"/workspace/PSA-Nashik-App/backend/src/main.ts": {"path":"/workspace/PSA-Nashik-App/backend/src/main.ts","statementMap":{"0":{"start":{"line":3,"column":0},"end":{"line":3,"column":43}},"1":{"start":{"line":4,"column":0},"end":{"line":4,"column":41}},"2":{"start":{"line":5,"column":0},"end":{"line":5,"column":62}},"3":{"start":{"line":6,"column":0},"end":{"line":6,"column":72}},"4":{"start":{"line":7,"column":0},"end":{"line":7,"column":48}},"5":{"start":{"line":10,"column":14},"end":{"line":10,"column":49}},"6":{"start":{"line":13,"column":2},"end":{"line":17,"column":6}},"7":{"start":{"line":20,"column":2},"end":{"line":20,"column":27}},"8":{"start":{"line":21,"column":2},"end":{"line":21,"column":32}},"9":{"start":{"line":24,"column":2},"end":{"line":24,"column":19}},"10":{"start":{"line":26,"column":2},"end":{"line":26,"column":45}},"11":{"start":{"line":27,"column":2},"end":{"line":27,"column":66}},"12":{"start":{"line":29,"column":0},"end":{"line":29,"column":12}}},"fnMap":{"0":{"name":"bootstrap","decl":{"start":{"line":9,"column":15},"end":{"line":9,"column":24}},"loc":{"start":{"line":9,"column":24},"end":{"line":28,"column":null}}}},"branchMap":{"0":{"loc":{"start":{"line":26,"column":19},"end":{"line":26,"column":43}},"type":"binary-expr","locations":[{"start":{"line":26,"column":19},"end":{"line":26,"column":35}},{"start":{"line":26,"column":39},"end":{"line":26,"column":43}}]}},"s":{"0":0,"1":0,"2":0,"3":0,"4":0,"5":0,"6":0,"7":0,"8":0,"9":0,"10":0,"11":0,"12":0},"f":{"0":0},"b":{"0":[0,0]}}
,"/workspace/PSA-Nashik-App/backend/src/config/database.ts": {"path":"/workspace/PSA-Nashik-App/backend/src/config/database.ts","statementMap":{"0":{"start":{"line":4,"column":0},"end":{"line":4,"column":37}},"1":{"start":{"line":5,"column":0},"end":{"line":5,"column":61}},"2":{"start":{"line":6,"column":0},"end":{"line":6,"column":55}},"3":{"start":{"line":8,"column":13},"end":{"line":19,"column":3}},"4":{"start":{"line":21,"column":34},"end":{"line":23,"column":2}},"5":{"start":{"line":21,"column":45},"end":{"line":23,"column":2}},"6":{"start":{"line":22,"column":2},"end":{"line":22,"column":36}},"7":{"start":{"line":21,"column":13},"end":{"line":21,"column":34}}},"fnMap":{"0":{"name":"(anonymous_7)","decl":{"start":{"line":21,"column":34},"end":{"line":21,"column":43}},"loc":{"start":{"line":21,"column":45},"end":{"line":23,"column":2}}},"1":{"name":"(anonymous_8)","decl":{"start":{"line":21,"column":45},"end":{"line":21,"column":null}},"loc":{"start":{"line":21,"column":45},"end":{"line":23,"column":1}}}},"branchMap":{"0":{"loc":{"start":{"line":10,"column":8},"end":{"line":10,"column":42}},"type":"binary-expr","locations":[{"start":{"line":10,"column":8},"end":{"line":10,"column":27}},{"start":{"line":10,"column":31},"end":{"line":10,"column":42}}]},"1":{"loc":{"start":{"line":11,"column":17},"end":{"line":11,"column":46}},"type":"binary-expr","locations":[{"start":{"line":11,"column":17},"end":{"line":11,"column":36}},{"start":{"line":11,"column":40},"end":{"line":11,"column":46}}]},"2":{"loc":{"start":{"line":12,"column":12},"end":{"line":12,"column":45}},"type":"binary-expr","locations":[{"start":{"line":12,"column":12},"end":{"line":12,"column":31}},{"start":{"line":12,"column":35},"end":{"line":12,"column":45}}]},"3":{"loc":{"start":{"line":13,"column":12},"end":{"line":13,"column":49}},"type":"binary-expr","locations":[{"start":{"line":13,"column":12},"end":{"line":13,"column":35}},{"start":{"line":13,"column":39},"end":{"line":13,"column":49}}]},"4":{"loc":{"start":{"line":14,"column":12},"end":{"line":14,"column":51}},"type":"binary-expr","locations":[{"start":{"line":14,"column":12},"end":{"line":14,"column":31}},{"start":{"line":14,"column":35},"end":{"line":14,"column":51}}]}},"s":{"0":0,"1":0,"2":0,"3":0,"4":0,"5":0,"6":0,"7":0},"f":{"0":0,"1":0},"b":{"0":[0,0],"1":[0,0],"2":[0,0],"3":[0,0],"4":[0,0]}}
,"/workspace/PSA-Nashik-App/backend/src/controllers/StudentController.ts": {"path":"/workspace/PSA-Nashik-App/backend/src/controllers/StudentController.ts","statementMap":{"0":{"start":{"line":5,"column":22},"end":{"line":5,"column":52}},"1":{"start":{"line":8,"column":4},"end":{"line":13,"column":5}},"2":{"start":{"line":9,"column":22},"end":{"line":9,"column":64}},"3":{"start":{"line":10,"column":6},"end":{"line":10,"column":36}},"4":{"start":{"line":12,"column":6},"end":{"line":12,"column":53}},"5":{"start":{"line":17,"column":4},"end":{"line":22,"column":5}},"6":{"start":{"line":18,"column":22},"end":{"line":18,"column":74}},"7":{"start":{"line":19,"column":6},"end":{"line":19,"column":58}},"8":{"start":{"line":21,"column":6},"end":{"line":21,"column":53}},"9":{"start":{"line":26,"column":4},"end":{"line":34,"column":5}},"10":{"start":{"line":27,"column":22},"end":{"line":29,"column":null}},"11":{"start":{"line":31,"column":6},"end":{"line":31,"column":24}},"12":{"start":{"line":33,"column":6},"end":{"line":33,"column":53}},"13":{"start":{"line":38,"column":4},"end":{"line":43,"column":5}},"14":{"start":{"line":39,"column":6},"end":{"line":39,"column":64}},"15":{"start":{"line":40,"column":6},"end":{"line":40,"column":28}},"16":{"start":{"line":42,"column":6},"end":{"line":42,"column":53}},"17":{"start":{"line":4,"column":0},"end":{"line":4,"column":13}}},"fnMap":{"0":{"name":"(anonymous_7)","decl":{"start":{"line":5,"column":2},"end":{"line":5,"column":22}},"loc":{"start":{"line":5,"column":52},"end":{"line":5,"column":56}}},"1":{"name":"(anonymous_8)","decl":{"start":{"line":7,"column":8},"end":{"line":7,"column":14}},"loc":{"start":{"line":7,"column":42},"end":{"line":14,"column":null}}},"2":{"name":"(anonymous_10)","decl":{"start":{"line":16,"column":8},"end":{"line":16,"column":15}},"loc":{"start":{"line":16,"column":43},"end":{"line":23,"column":null}}},"3":{"name":"(anonymous_12)","decl":{"start":{"line":25,"column":8},"end":{"line":25,"column":14}},"loc":{"start":{"line":25,"column":42},"end":{"line":35,"column":null}}},"4":{"name":"(anonymous_14)","decl":{"start":{"line":37,"column":8},"end":{"line":37,"column":14}},"loc":{"start":{"line":37,"column":42},"end":{"line":44,"column":null}}}},"branchMap":{"0":{"loc":{"start":{"line":19,"column":6},"end":{"line":19,"column":57}},"type":"cond-expr","locations":[{"start":{"line":19,"column":16},"end":{"line":19,"column":33}},{"start":{"line":19,"column":36},"end":{"line":19,"column":57}}]}},"s":{"0":0,"1":0,"2":0,"3":0,"4":0,"5":0,"6":0,"7":0,"8":0,"9":0,"10":0,"11":0,"12":0,"13":0,"14":0,"15":0,"16":0,"17":0},"f":{"0":0,"1":0,"2":0,"3":0,"4":0},"b":{"0":[0,0]}}
,"/workspace/PSA-Nashik-App/backend/src/controllers/notification.controller.ts": {"path":"/workspace/PSA-Nashik-App/backend/src/controllers/notification.controller.ts","statementMap":{"0":{"start":{"line":4,"column":0},"end":{"line":4,"column":71}},"1":{"start":{"line":8,"column":4},"end":{"line":26,"column":5}},"2":{"start":{"line":9,"column":45},"end":{"line":9,"column":53}},"3":{"start":{"line":10,"column":22},"end":{"line":14,"column":8}},"4":{"start":{"line":16,"column":6},"end":{"line":19,"column":9}},"5":{"start":{"line":21,"column":6},"end":{"line":21,"column":50}},"6":{"start":{"line":22,"column":6},"end":{"line":25,"column":9}},"7":{"start":{"line":6,"column":0},"end":{"line":6,"column":13}}},"fnMap":{"0":{"name":"(anonymous_7)","decl":{"start":{"line":7,"column":2},"end":{"line":7,"column":8}},"loc":{"start":{"line":7,"column":55},"end":{"line":27,"column":null}}}},"branchMap":{"0":{"loc":{"start":{"line":18,"column":17},"end":{"line":18,"column":70}},"type":"cond-expr","locations":[{"start":{"line":18,"column":27},"end":{"line":18,"column":46}},{"start":{"line":18,"column":49},"end":{"line":18,"column":70}}]}},"s":{"0":0,"1":0,"2":0,"3":0,"4":0,"5":0,"6":0,"7":0},"f":{"0":0},"b":{"0":[0,0]}}
,"/workspace/PSA-Nashik-App/backend/src/docs/students.swagger.ts": {"path":"/workspace/PSA-Nashik-App/backend/src/docs/students.swagger.ts","statementMap":{"0":{"start":{"line":4,"column":0},"end":{"line":4,"column":65}},"1":{"start":{"line":5,"column":0},"end":{"line":5,"column":67}},"2":{"start":{"line":7,"column":35},"end":{"line":26,"column":1}},"3":{"start":{"line":8,"column":17},"end":{"line":14,"column":12}},"4":{"start":{"line":16,"column":19},"end":{"line":18,"column":4}},"5":{"start":{"line":20,"column":2},"end":{"line":25,"column":5}},"6":{"start":{"line":7,"column":13},"end":{"line":7,"column":35}},"7":{"start":{"line":28,"column":13},"end":{"line":60,"column":2}}},"fnMap":{"0":{"name":"(anonymous_0)","decl":{"start":{"line":7,"column":35},"end":{"line":7,"column":36}},"loc":{"start":{"line":7,"column":48},"end":{"line":26,"column":1}}}},"branchMap":{},"s":{"0":0,"1":0,"2":0,"3":0,"4":0,"5":0,"6":0,"7":0},"f":{"0":0},"b":{}}
,"/workspace/PSA-Nashik-App/backend/src/entities/Student.ts": {"path":"/workspace/PSA-Nashik-App/backend/src/entities/Student.ts","statementMap":{"0":{"start":{"line":2,"column":0},"end":{"line":2,"column":65}},"1":{"start":{"line":5,"column":7},"end":{"line":26,"column":null}},"2":{"start":{"line":5,"column":13},"end":{"line":5,"column":20}},"3":{"start":{"line":7,"column":2},"end":{"line":7,"column":null}},"4":{"start":{"line":10,"column":2},"end":{"line":10,"column":null}},"5":{"start":{"line":13,"column":2},"end":{"line":13,"column":null}},"6":{"start":{"line":16,"column":2},"end":{"line":16,"column":null}},"7":{"start":{"line":19,"column":2},"end":{"line":19,"column":null}},"8":{"start":{"line":22,"column":2},"end":{"line":22,"column":null}},"9":{"start":{"line":25,"column":2},"end":{"line":25,"column":null}},"10":{"start":{"line":5,"column":13},"end":{"line":26,"column":null}}},"fnMap":{},"branchMap":{},"s":{"0":0,"1":0,"2":0,"3":0,"4":0,"5":0,"6":0,"7":0,"8":0,"9":0,"10":0},"f":{},"b":{}}
,"/workspace/PSA-Nashik-App/backend/src/entities/User.ts": {"path":"/workspace/PSA-Nashik-App/backend/src/entities/User.ts","statementMap":{"0":{"start":{"line":3,"column":0},"end":{"line":3,"column":76}},"1":{"start":{"line":4,"column":0},"end":{"line":4,"column":68}},"2":{"start":{"line":7,"column":7},"end":{"line":25,"column":null}},"3":{"start":{"line":7,"column":13},"end":{"line":7,"column":17}},"4":{"start":{"line":9,"column":2},"end":{"line":9,"column":null}},"5":{"start":{"line":12,"column":2},"end":{"line":12,"column":null}},"6":{"start":{"line":15,"column":2},"end":{"line":15,"column":null}},"7":{"start":{"line":18,"column":2},"end":{"line":18,"column":null}},"8":{"start":{"line":21,"column":2},"end":{"line":21,"column":null}},"9":{"start":{"line":24,"column":2},"end":{"line":24,"column":null}},"10":{"start":{"line":23,"column":19},"end":{"line":23,"column":29}},"11":{"start":{"line":23,"column":59},"end":{"line":23,"column":78}},"12":{"start":{"line":7,"column":13},"end":{"line":25,"column":null}}},"fnMap":{"0":{"name":"(anonymous_2)","decl":{"start":{"line":23,"column":13},"end":{"line":23,"column":16}},"loc":{"start":{"line":23,"column":19},"end":{"line":23,"column":29}}},"1":{"name":"(anonymous_3)","decl":{"start":{"line":23,"column":31},"end":{"line":23,"column":32}},"loc":{"start":{"line":23,"column":59},"end":{"line":23,"column":78}}}},"branchMap":{},"s":{"0":0,"1":0,"2":0,"3":0,"4":0,"5":0,"6":0,"7":0,"8":0,"9":0,"10":0,"11":0,"12":0},"f":{"0":0,"1":0},"b":{}}
,"/workspace/PSA-Nashik-App/backend/src/middleware/auth.middleware.ts": {"path":"/workspace/PSA-Nashik-App/backend/src/middleware/auth.middleware.ts","statementMap":{"0":{"start":{"line":6,"column":0},"end":{"line":6,"column":16}},"1":{"start":{"line":4,"column":0},"end":{"line":4,"column":31}},"2":{"start":{"line":7,"column":2},"end":{"line":26,"column":4}},"3":{"start":{"line":8,"column":18},"end":{"line":8,"column":60}},"4":{"start":{"line":10,"column":4},"end":{"line":12,"column":5}},"5":{"start":{"line":11,"column":6},"end":{"line":11,"column":81}},"6":{"start":{"line":14,"column":4},"end":{"line":25,"column":5}},"7":{"start":{"line":15,"column":22},"end":{"line":15,"column":71}},"8":{"start":{"line":16,"column":6},"end":{"line":16,"column":25}},"9":{"start":{"line":18,"column":6},"end":{"line":20,"column":7}},"10":{"start":{"line":19,"column":8},"end":{"line":19,"column":75}},"11":{"start":{"line":22,"column":6},"end":{"line":22,"column":13}},"12":{"start":{"line":24,"column":6},"end":{"line":24,"column":55}}},"fnMap":{"0":{"name":"authenticate","decl":{"start":{"line":6,"column":16},"end":{"line":6,"column":28}},"loc":{"start":{"line":6,"column":50},"end":{"line":27,"column":1}}},"1":{"name":"(anonymous_2)","decl":{"start":{"line":7,"column":9},"end":{"line":7,"column":10}},"loc":{"start":{"line":7,"column":61},"end":{"line":26,"column":3}}}},"branchMap":{"0":{"loc":{"start":{"line":8,"column":18},"end":{"line":8,"column":60}},"type":"cond-expr","locations":[{"start":{"line":8,"column":45},"end":{"line":8,"column":47}},{"start":{"line":8,"column":45},"end":{"line":8,"column":60}}]},"1":{"loc":{"start":{"line":8,"column":18},"end":{"line":8,"column":47}},"type":"binary-expr","locations":[{"start":{"line":8,"column":18},"end":{"line":8,"column":47}},{"start":{"line":8,"column":45},"end":{"line":8,"column":47}}]},"2":{"loc":{"start":{"line":10,"column":4},"end":{"line":12,"column":5}},"type":"if","locations":[{"start":{"line":10,"column":4},"end":{"line":12,"column":5}},{"start":{},"end":{}}]},"3":{"loc":{"start":{"line":18,"column":6},"end":{"line":20,"column":7}},"type":"if","locations":[{"start":{"line":18,"column":6},"end":{"line":20,"column":7}},{"start":{},"end":{}}]},"4":{"loc":{"start":{"line":18,"column":10},"end":{"line":18,"column":55}},"type":"binary-expr","locations":[{"start":{"line":18,"column":10},"end":{"line":18,"column":22}},{"start":{"line":18,"column":26},"end":{"line":18,"column":55}}]}},"s":{"0":0,"1":0,"2":0,"3":0,"4":0,"5":0,"6":0,"7":0,"8":0,"9":0,"10":0,"11":0,"12":0},"f":{"0":0,"1":0},"b":{"0":[0,0],"1":[0,0],"2":[0,0],"3":[0,0],"4":[0,0]}}
,"/workspace/PSA-Nashik-App/backend/src/middleware/validation.ts": {"path":"/workspace/PSA-Nashik-App/backend/src/middleware/validation.ts","statementMap":{"0":{"start":{"line":6,"column":31},"end":{"line":17,"column":1}},"1":{"start":{"line":11,"column":20},"end":{"line":11,"column":46}},"2":{"start":{"line":12,"column":2},"end":{"line":15,"column":3}},"3":{"start":{"line":13,"column":4},"end":{"line":13,"column":67}},"4":{"start":{"line":14,"column":4},"end":{"line":14,"column":11}},"5":{"start":{"line":16,"column":2},"end":{"line":16,"column":9}},"6":{"start":{"line":6,"column":13},"end":{"line":6,"column":31}},"7":{"start":{"line":19,"column":33},"end":{"line":30,"column":1}},"8":{"start":{"line":24,"column":25},"end":{"line":24,"column":53}},"9":{"start":{"line":25,"column":2},"end":{"line":28,"column":3}},"10":{"start":{"line":26,"column":4},"end":{"line":26,"column":70}},"11":{"start":{"line":27,"column":4},"end":{"line":27,"column":11}},"12":{"start":{"line":29,"column":2},"end":{"line":29,"column":9}},"13":{"start":{"line":19,"column":13},"end":{"line":19,"column":33}}},"fnMap":{"0":{"name":"(anonymous_0)","decl":{"start":{"line":6,"column":31},"end":{"line":6,"column":null}},"loc":{"start":{"line":10,"column":10},"end":{"line":17,"column":1}}},"1":{"name":"(anonymous_1)","decl":{"start":{"line":19,"column":33},"end":{"line":19,"column":null}},"loc":{"start":{"line":23,"column":10},"end":{"line":30,"column":1}}}},"branchMap":{"0":{"loc":{"start":{"line":12,"column":2},"end":{"line":15,"column":3}},"type":"if","locations":[{"start":{"line":12,"column":2},"end":{"line":15,"column":3}},{"start":{},"end":{}}]},"1":{"loc":{"start":{"line":12,"column":6},"end":{"line":12,"column":33}},"type":"binary-expr","locations":[{"start":{"line":12,"column":6},"end":{"line":12,"column":12}},{"start":{"line":12,"column":16},"end":{"line":12,"column":33}}]},"2":{"loc":{"start":{"line":25,"column":2},"end":{"line":28,"column":3}},"type":"if","locations":[{"start":{"line":25,"column":2},"end":{"line":28,"column":3}},{"start":{},"end":{}}]},"3":{"loc":{"start":{"line":25,"column":6},"end":{"line":25,"column":40}},"type":"binary-expr","locations":[{"start":{"line":25,"column":6},"end":{"line":25,"column":12}},{"start":{"line":25,"column":16},"end":{"line":25,"column":20}},{"start":{"line":25,"column":24},"end":{"line":25,"column":40}}]}},"s":{"0":0,"1":0,"2":0,"3":0,"4":0,"5":0,"6":0,"7":0,"8":0,"9":0,"10":0,"11":0,"12":0,"13":0},"f":{"0":0,"1":0},"b":{"0":[0,0],"1":[0,0],"2":[0,0],"3":[0,0,0]}}
,"/workspace/PSA-Nashik-App/backend/src/migrations/1689123456789-CreateStudentTable.ts": {"path":"/workspace/PSA-Nashik-App/backend/src/migrations/1689123456789-CreateStudentTable.ts","statementMap":{"0":{"start":{"line":5,"column":8},"end":{"line":16,"column":11}},"1":{"start":{"line":20,"column":8},"end":{"line":20,"column":54}},"2":{"start":{"line":3,"column":0},"end":{"line":3,"column":13}}},"fnMap":{"0":{"name":"(anonymous_7)","decl":{"start":{"line":4,"column":17},"end":{"line":4,"column":19}},"loc":{"start":{"line":4,"column":44},"end":{"line":17,"column":null}}},"1":{"name":"(anonymous_9)","decl":{"start":{"line":19,"column":17},"end":{"line":19,"column":21}},"loc":{"start":{"line":19,"column":46},"end":{"line":21,"column":null}}}},"branchMap":{},"s":{"0":0,"1":0,"2":0},"f":{"0":0,"1":0},"b":{}}
,"/workspace/PSA-Nashik-App/backend/src/migrations/20250706122112-CreateFeeStructure.ts": {"path":"/workspace/PSA-Nashik-App/backend/src/migrations/20250706122112-CreateFeeStructure.ts","statementMap":{"0":{"start":{"line":7,"column":4},"end":{"line":17,"column":7}},"1":{"start":{"line":21,"column":4},"end":{"line":21,"column":57}},"2":{"start":{"line":5,"column":0},"end":{"line":5,"column":13}}},"fnMap":{"0":{"name":"(anonymous_7)","decl":{"start":{"line":6,"column":15},"end":{"line":6,"column":17}},"loc":{"start":{"line":6,"column":42},"end":{"line":18,"column":null}}},"1":{"name":"(anonymous_9)","decl":{"start":{"line":20,"column":15},"end":{"line":20,"column":19}},"loc":{"start":{"line":20,"column":44},"end":{"line":22,"column":null}}}},"branchMap":{},"s":{"0":0,"1":0,"2":0},"f":{"0":0,"1":0},"b":{}}
,"/workspace/PSA-Nashik-App/backend/src/modules/admin/controllers/dashboard.controller.ts": {"path":"/workspace/PSA-Nashik-App/backend/src/modules/admin/controllers/dashboard.controller.ts","statementMap":{"0":{"start":{"line":2,"column":0},"end":{"line":2,"column":60}},"1":{"start":{"line":3,"column":0},"end":{"line":3,"column":76}},"2":{"start":{"line":4,"column":0},"end":{"line":4,"column":59}},"3":{"start":{"line":5,"column":0},"end":{"line":5,"column":61}},"4":{"start":{"line":6,"column":0},"end":{"line":6,"column":67}},"5":{"start":{"line":11,"column":7},"end":{"line":19,"column":null}},"6":{"start":{"line":12,"column":31},"end":{"line":12,"column":43}},"7":{"start":{"line":17,"column":4},"end":{"line":17,"column":49}},"8":{"start":{"line":11,"column":13},"end":{"line":11,"column":32}},"9":{"start":{"line":16,"column":8},"end":{"line":18,"column":null}},"10":{"start":{"line":11,"column":13},"end":{"line":19,"column":null}}},"fnMap":{"0":{"name":"(anonymous_9)","decl":{"start":{"line":12,"column":2},"end":{"line":12,"column":31}},"loc":{"start":{"line":12,"column":64},"end":{"line":12,"column":68}}},"1":{"name":"(anonymous_10)","decl":{"start":{"line":16,"column":8},"end":{"line":16,"column":18}},"loc":{"start":{"line":16,"column":18},"end":{"line":18,"column":null}}}},"branchMap":{},"s":{"0":0,"1":0,"2":0,"3":0,"4":0,"5":0,"6":0,"7":0,"8":0,"9":0,"10":0},"f":{"0":0,"1":0},"b":{}}
,"/workspace/PSA-Nashik-App/backend/src/modules/admin/controllers/visualization.controller.ts": {"path":"/workspace/PSA-Nashik-App/backend/src/modules/admin/controllers/visualization.controller.ts","statementMap":{"0":{"start":{"line":4,"column":0},"end":{"line":4,"column":60}},"1":{"start":{"line":5,"column":0},"end":{"line":5,"column":70}},"2":{"start":{"line":6,"column":0},"end":{"line":6,"column":76}},"3":{"start":{"line":7,"column":0},"end":{"line":7,"column":59}},"4":{"start":{"line":8,"column":0},"end":{"line":8,"column":77}},"5":{"start":{"line":9,"column":0},"end":{"line":9,"column":59}},"6":{"start":{"line":15,"column":7},"end":{"line":30,"column":null}},"7":{"start":{"line":17,"column":21},"end":{"line":17,"column":33}},"8":{"start":{"line":18,"column":21},"end":{"line":18,"column":35}},"9":{"start":{"line":27,"column":17},"end":{"line":27,"column":61}},"10":{"start":{"line":28,"column":4},"end":{"line":28,"column":56}},"11":{"start":{"line":15,"column":13},"end":{"line":15,"column":36}},"12":{"start":{"line":26,"column":8},"end":{"line":29,"column":null}},"13":{"start":{"line":15,"column":13},"end":{"line":30,"column":null}}},"fnMap":{"0":{"name":"(anonymous_9)","decl":{"start":{"line":16,"column":2},"end":{"line":16,"column":null}},"loc":{"start":{"line":18,"column":47},"end":{"line":19,"column":6}}},"1":{"name":"(anonymous_10)","decl":{"start":{"line":26,"column":8},"end":{"line":26,"column":25}},"loc":{"start":{"line":26,"column":25},"end":{"line":29,"column":null}}}},"branchMap":{},"s":{"0":0,"1":0,"2":0,"3":0,"4":0,"5":0,"6":0,"7":0,"8":0,"9":0,"10":0,"11":0,"12":0,"13":0},"f":{"0":0,"1":0},"b":{}}
,"/workspace/PSA-Nashik-App/backend/src/modules/admin/services/analytics.service.ts": {"path":"/workspace/PSA-Nashik-App/backend/src/modules/admin/services/analytics.service.ts","statementMap":{"0":{"start":{"line":4,"column":0},"end":{"line":4,"column":44}},"1":{"start":{"line":9,"column":7},"end":{"line":31,"column":null}},"2":{"start":{"line":16,"column":4},"end":{"line":20,"column":6}},"3":{"start":{"line":25,"column":4},"end":{"line":29,"column":6}},"4":{"start":{"line":9,"column":13},"end":{"line":9,"column":29}},"5":{"start":{"line":9,"column":13},"end":{"line":31,"column":null}}},"fnMap":{"0":{"name":"(anonymous_9)","decl":{"start":{"line":10,"column":2},"end":{"line":10,"column":null}},"loc":{"start":{"line":12,"column":5},"end":{"line":12,"column":6}}},"1":{"name":"(anonymous_10)","decl":{"start":{"line":14,"column":8},"end":{"line":14,"column":27}},"loc":{"start":{"line":14,"column":27},"end":{"line":21,"column":null}}},"2":{"name":"(anonymous_12)","decl":{"start":{"line":23,"column":8},"end":{"line":23,"column":23}},"loc":{"start":{"line":23,"column":23},"end":{"line":30,"column":null}}}},"branchMap":{},"s":{"0":0,"1":0,"2":0,"3":0,"4":0,"5":0},"f":{"0":0,"1":0,"2":0},"b":{}}
,"/workspace/PSA-Nashik-App/backend/src/modules/admin/utils/chart-builder.util.ts": {"path":"/workspace/PSA-Nashik-App/backend/src/modules/admin/utils/chart-builder.util.ts","statementMap":{"0":{"start":{"line":4,"column":0},"end":{"line":4,"column":44}},"1":{"start":{"line":8,"column":7},"end":{"line":118,"column":null}},"2":{"start":{"line":9,"column":19},"end":{"line":14,"column":4}},"3":{"start":{"line":25,"column":23},"end":{"line":26,"column":null}},"4":{"start":{"line":26,"column":6},"end":{"line":26,"column":69}},"5":{"start":{"line":29,"column":4},"end":{"line":46,"column":6}},"6":{"start":{"line":55,"column":4},"end":{"line":77,"column":6}},"7":{"start":{"line":73,"column":40},"end":{"line":73,"column":57}},"8":{"start":{"line":85,"column":4},"end":{"line":97,"column":6}},"9":{"start":{"line":105,"column":4},"end":{"line":116,"column":6}},"10":{"start":{"line":8,"column":13},"end":{"line":8,"column":25}},"11":{"start":{"line":8,"column":13},"end":{"line":118,"column":null}}},"fnMap":{"0":{"name":"(anonymous_1)","decl":{"start":{"line":8,"column":7},"end":{"line":8,"column":13}},"loc":{"start":{"line":8,"column":7},"end":{"line":118,"column":1}}},"1":{"name":"(anonymous_2)","decl":{"start":{"line":16,"column":2},"end":{"line":16,"column":22}},"loc":{"start":{"line":20,"column":3},"end":{"line":47,"column":3}}},"2":{"name":"(anonymous_3)","decl":{"start":{"line":25,"column":48},"end":{"line":25,"column":49}},"loc":{"start":{"line":26,"column":6},"end":{"line":26,"column":69}}},"3":{"name":"(anonymous_4)","decl":{"start":{"line":49,"column":10},"end":{"line":49,"column":24}},"loc":{"start":{"line":53,"column":21},"end":{"line":78,"column":3}}},"4":{"name":"(anonymous_5)","decl":{"start":{"line":73,"column":31},"end":{"line":73,"column":36}},"loc":{"start":{"line":73,"column":40},"end":{"line":73,"column":57}}},"5":{"name":"(anonymous_6)","decl":{"start":{"line":80,"column":10},"end":{"line":80,"column":23}},"loc":{"start":{"line":83,"column":20},"end":{"line":98,"column":3}}},"6":{"name":"(anonymous_7)","decl":{"start":{"line":100,"column":10},"end":{"line":100,"column":28}},"loc":{"start":{"line":103,"column":20},"end":{"line":117,"column":3}}}},"branchMap":{"0":{"loc":{"start":{"line":53,"column":4},"end":{"line":53,"column":21}},"type":"default-arg","locations":[{"start":{"line":53,"column":19},"end":{"line":53,"column":21}}]}},"s":{"0":0,"1":0,"2":0,"3":0,"4":0,"5":0,"6":0,"7":0,"8":0,"9":0,"10":0,"11":0},"f":{"0":0,"1":0,"2":0,"3":0,"4":0,"5":0,"6":0},"b":{"0":[0]}}
,"/workspace/PSA-Nashik-App/backend/src/modules/attendance/attendance.controller.ts": {"path":"/workspace/PSA-Nashik-App/backend/src/modules/attendance/attendance.controller.ts","statementMap":{"0":{"start":{"line":1,"column":0},"end":{"line":1,"column":51}},"1":{"start":{"line":3,"column":0},"end":{"line":3,"column":49}},"2":{"start":{"line":4,"column":0},"end":{"line":4,"column":37}},"3":{"start":{"line":6,"column":0},"end":{"line":61,"column":null}},"4":{"start":{"line":7,"column":52},"end":{"line":7,"column":64}},"5":{"start":{"line":10,"column":4},"end":{"line":21,"column":5}},"6":{"start":{"line":11,"column":46},"end":{"line":11,"column":54}},"7":{"start":{"line":12,"column":25},"end":{"line":17,"column":8}},"8":{"start":{"line":18,"column":6},"end":{"line":18,"column":51}},"9":{"start":{"line":20,"column":6},"end":{"line":20,"column":18}},"10":{"start":{"line":25,"column":4},"end":{"line":33,"column":5}},"11":{"start":{"line":26,"column":28},"end":{"line":26,"column":38}},"12":{"start":{"line":27,"column":26},"end":{"line":29,"column":8}},"13":{"start":{"line":30,"column":6},"end":{"line":30,"column":40}},"14":{"start":{"line":32,"column":6},"end":{"line":32,"column":18}},"15":{"start":{"line":37,"column":4},"end":{"line":45,"column":5}},"16":{"start":{"line":38,"column":26},"end":{"line":38,"column":36}},"17":{"start":{"line":39,"column":26},"end":{"line":41,"column":8}},"18":{"start":{"line":42,"column":6},"end":{"line":42,"column":40}},"19":{"start":{"line":44,"column":6},"end":{"line":44,"column":18}},"20":{"start":{"line":49,"column":4},"end":{"line":59,"column":5}},"21":{"start":{"line":50,"column":28},"end":{"line":50,"column":38}},"22":{"start":{"line":51,"column":26},"end":{"line":54,"column":8}},"23":{"start":{"line":56,"column":6},"end":{"line":56,"column":42}},"24":{"start":{"line":58,"column":6},"end":{"line":58,"column":18}},"25":{"start":{"line":6,"column":13},"end":{"line":6,"column":33}},"26":{"start":{"line":6,"column":13},"end":{"line":61,"column":null}}},"fnMap":{"0":{"name":"(anonymous_11)","decl":{"start":{"line":7,"column":2},"end":{"line":7,"column":15}},"loc":{"start":{"line":7,"column":86},"end":{"line":7,"column":90}}},"1":{"name":"(anonymous_12)","decl":{"start":{"line":9,"column":8},"end":{"line":9,"column":22}},"loc":{"start":{"line":9,"column":70},"end":{"line":22,"column":null}}},"2":{"name":"(anonymous_14)","decl":{"start":{"line":24,"column":8},"end":{"line":24,"column":28}},"loc":{"start":{"line":24,"column":76},"end":{"line":34,"column":null}}},"3":{"name":"(anonymous_16)","decl":{"start":{"line":36,"column":8},"end":{"line":36,"column":26}},"loc":{"start":{"line":36,"column":74},"end":{"line":46,"column":null}}},"4":{"name":"(anonymous_18)","decl":{"start":{"line":48,"column":8},"end":{"line":48,"column":27}},"loc":{"start":{"line":48,"column":75},"end":{"line":60,"column":null}}}},"branchMap":{},"s":{"0":0,"1":0,"2":0,"3":0,"4":0,"5":0,"6":0,"7":0,"8":0,"9":0,"10":0,"11":0,"12":0,"13":0,"14":0,"15":0,"16":0,"17":0,"18":0,"19":0,"20":0,"21":0,"22":0,"23":0,"24":0,"25":0,"26":0},"f":{"0":0,"1":0,"2":0,"3":0,"4":0},"b":{}}
,"/workspace/PSA-Nashik-App/backend/src/modules/attendance/attendance.model.ts": {"path":"/workspace/PSA-Nashik-App/backend/src/modules/attendance/attendance.model.ts","statementMap":{"0":{"start":{"line":4,"column":0},"end":{"line":4,"column":76}},"1":{"start":{"line":5,"column":0},"end":{"line":5,"column":52}},"2":{"start":{"line":6,"column":0},"end":{"line":6,"column":47}},"3":{"start":{"line":7,"column":0},"end":{"line":7,"column":43}},"4":{"start":{"line":10,"column":7},"end":{"line":31,"column":null}},"5":{"start":{"line":10,"column":13},"end":{"line":10,"column":23}},"6":{"start":{"line":12,"column":2},"end":{"line":12,"column":null}},"7":{"start":{"line":15,"column":2},"end":{"line":15,"column":null}},"8":{"start":{"line":14,"column":19},"end":{"line":14,"column":26}},"9":{"start":{"line":14,"column":39},"end":{"line":14,"column":58}},"10":{"start":{"line":18,"column":2},"end":{"line":18,"column":null}},"11":{"start":{"line":17,"column":19},"end":{"line":17,"column":24}},"12":{"start":{"line":17,"column":35},"end":{"line":17,"column":52}},"13":{"start":{"line":21,"column":2},"end":{"line":21,"column":null}},"14":{"start":{"line":24,"column":2},"end":{"line":24,"column":null}},"15":{"start":{"line":27,"column":2},"end":{"line":27,"column":null}},"16":{"start":{"line":26,"column":19},"end":{"line":26,"column":23}},"17":{"start":{"line":26,"column":33},"end":{"line":26,"column":55}},"18":{"start":{"line":30,"column":2},"end":{"line":30,"column":null}},"19":{"start":{"line":10,"column":13},"end":{"line":31,"column":null}}},"fnMap":{"0":{"name":"(anonymous_2)","decl":{"start":{"line":14,"column":13},"end":{"line":14,"column":16}},"loc":{"start":{"line":14,"column":19},"end":{"line":14,"column":26}}},"1":{"name":"(anonymous_3)","decl":{"start":{"line":14,"column":28},"end":{"line":14,"column":35}},"loc":{"start":{"line":14,"column":39},"end":{"line":14,"column":58}}},"2":{"name":"(anonymous_4)","decl":{"start":{"line":17,"column":13},"end":{"line":17,"column":16}},"loc":{"start":{"line":17,"column":19},"end":{"line":17,"column":24}}},"3":{"name":"(anonymous_5)","decl":{"start":{"line":17,"column":26},"end":{"line":17,"column":31}},"loc":{"start":{"line":17,"column":35},"end":{"line":17,"column":52}}},"4":{"name":"(anonymous_6)","decl":{"start":{"line":26,"column":13},"end":{"line":26,"column":16}},"loc":{"start":{"line":26,"column":19},"end":{"line":26,"column":23}}},"5":{"name":"(anonymous_7)","decl":{"start":{"line":26,"column":25},"end":{"line":26,"column":29}},"loc":{"start":{"line":26,"column":33},"end":{"line":26,"column":55}}}},"branchMap":{},"s":{"0":1,"1":1,"2":1,"3":1,"4":1,"5":1,"6":1,"7":1,"8":0,"9":0,"10":1,"11":0,"12":0,"13":1,"14":1,"15":1,"16":0,"17":0,"18":1,"19":1},"f":{"0":0,"1":0,"2":0,"3":0,"4":0,"5":0},"b":{}}
,"/workspace/PSA-Nashik-App/backend/src/modules/attendance/repositories/attendance.repository.ts": {"path":"/workspace/PSA-Nashik-App/backend/src/modules/attendance/repositories/attendance.repository.ts","statementMap":{"0":{"start":{"line":2,"column":0},"end":{"line":2,"column":55}},"1":{"start":{"line":3,"column":0},"end":{"line":3,"column":49}},"2":{"start":{"line":6,"column":7},"end":{"line":29,"column":null}},"3":{"start":{"line":14,"column":23},"end":{"line":25,"column":6}},"4":{"start":{"line":27,"column":4},"end":{"line":27,"column":47}},"5":{"start":{"line":6,"column":13},"end":{"line":6,"column":33}},"6":{"start":{"line":6,"column":13},"end":{"line":29,"column":null}}},"fnMap":{"0":{"name":"(anonymous_8)","decl":{"start":{"line":7,"column":8},"end":{"line":7,"column":22}},"loc":{"start":{"line":12,"column":71},"end":{"line":28,"column":null}}}},"branchMap":{"0":{"loc":{"start":{"line":20,"column":20},"end":{"line":24,"column":14}},"type":"cond-expr","locations":[{"start":{"line":20,"column":35},"end":{"line":24,"column":8}},{"start":{"line":24,"column":10},"end":{"line":24,"column":14}}]},"1":{"loc":{"start":{"line":23,"column":19},"end":{"line":23,"column":55}},"type":"binary-expr","locations":[{"start":{"line":23,"column":19},"end":{"line":23,"column":41}},{"start":{"line":23,"column":45},"end":{"line":23,"column":55}}]}},"s":{"0":0,"1":0,"2":0,"3":0,"4":0,"5":0,"6":0},"f":{"0":0},"b":{"0":[0,0],"1":[0,0]}}
,"/workspace/PSA-Nashik-App/backend/src/modules/auth/auth.controller.ts": {"path":"/workspace/PSA-Nashik-App/backend/src/modules/auth/auth.controller.ts","statementMap":{"0":{"start":{"line":1,"column":0},"end":{"line":1,"column":61}},"1":{"start":{"line":2,"column":0},"end":{"line":2,"column":45}},"2":{"start":{"line":6,"column":7},"end":{"line":20,"column":null}},"3":{"start":{"line":7,"column":31},"end":{"line":7,"column":44}},"4":{"start":{"line":11,"column":19},"end":{"line":11,"column":61}},"5":{"start":{"line":12,"column":4},"end":{"line":12,"column":21}},"6":{"start":{"line":17,"column":19},"end":{"line":17,"column":73}},"7":{"start":{"line":18,"column":4},"end":{"line":18,"column":21}},"8":{"start":{"line":6,"column":13},"end":{"line":6,"column":27}},"9":{"start":{"line":10,"column":8},"end":{"line":13,"column":null}},"10":{"start":{"line":16,"column":8},"end":{"line":19,"column":null}},"11":{"start":{"line":6,"column":13},"end":{"line":20,"column":null}}},"fnMap":{"0":{"name":"(anonymous_11)","decl":{"start":{"line":7,"column":2},"end":{"line":7,"column":31}},"loc":{"start":{"line":7,"column":55},"end":{"line":7,"column":59}}},"1":{"name":"(anonymous_12)","decl":{"start":{"line":10,"column":8},"end":{"line":10,"column":15}},"loc":{"start":{"line":10,"column":69},"end":{"line":13,"column":null}}},"2":{"name":"(anonymous_14)","decl":{"start":{"line":16,"column":8},"end":{"line":16,"column":17}},"loc":{"start":{"line":16,"column":84},"end":{"line":19,"column":null}}}},"branchMap":{},"s":{"0":0,"1":0,"2":0,"3":0,"4":0,"5":0,"6":0,"7":0,"8":0,"9":0,"10":0,"11":0},"f":{"0":0,"1":0,"2":0},"b":{}}
,"/workspace/PSA-Nashik-App/backend/src/modules/auth/auth.routes.ts": {"path":"/workspace/PSA-Nashik-App/backend/src/modules/auth/auth.routes.ts","statementMap":{"0":{"start":{"line":1,"column":0},"end":{"line":1,"column":45}},"1":{"start":{"line":2,"column":19},"end":{"line":2,"column":56}},"2":{"start":{"line":5,"column":0},"end":{"line":5,"column":33}},"3":{"start":{"line":6,"column":0},"end":{"line":6,"column":51}},"4":{"start":{"line":7,"column":0},"end":{"line":7,"column":null}},"5":{"start":{"line":12,"column":15},"end":{"line":12,"column":23}},"6":{"start":{"line":15,"column":0},"end":{"line":15,"column":22}},"7":{"start":{"line":18,"column":0},"end":{"line":20,"column":2}},"8":{"start":{"line":19,"column":2},"end":{"line":19,"column":35}},"9":{"start":{"line":22,"column":0},"end":{"line":24,"column":2}},"10":{"start":{"line":23,"column":2},"end":{"line":23,"column":37}}},"fnMap":{"0":{"name":"(anonymous_0)","decl":{"start":{"line":18,"column":42},"end":{"line":18,"column":43}},"loc":{"start":{"line":19,"column":2},"end":{"line":19,"column":35}}},"1":{"name":"(anonymous_1)","decl":{"start":{"line":22,"column":46},"end":{"line":22,"column":47}},"loc":{"start":{"line":23,"column":2},"end":{"line":23,"column":37}}}},"branchMap":{},"s":{"0":0,"1":0,"2":0,"3":0,"4":0,"5":0,"6":0,"7":0,"8":0,"9":0,"10":0},"f":{"0":0,"1":0},"b":{}}
,"/workspace/PSA-Nashik-App/backend/src/modules/auth/auth.service.ts": {"path":"/workspace/PSA-Nashik-App/backend/src/modules/auth/auth.service.ts","statementMap":{"0":{"start":{"line":4,"column":0},"end":{"line":4,"column":44}},"1":{"start":{"line":5,"column":0},"end":{"line":5,"column":70}},"2":{"start":{"line":6,"column":0},"end":{"line":6,"column":42}},"3":{"start":{"line":9,"column":7},"end":{"line":32,"column":null}},"4":{"start":{"line":11,"column":4},"end":{"line":17,"column":5}},"5":{"start":{"line":12,"column":18},"end":{"line":12,"column":42}},"6":{"start":{"line":14,"column":6},"end":{"line":14,"column":52}},"7":{"start":{"line":16,"column":6},"end":{"line":16,"column":44}},"8":{"start":{"line":21,"column":4},"end":{"line":30,"column":5}},"9":{"start":{"line":22,"column":22},"end":{"line":22,"column":51}},"10":{"start":{"line":23,"column":6},"end":{"line":25,"column":7}},"11":{"start":{"line":24,"column":8},"end":{"line":24,"column":39}},"12":{"start":{"line":26,"column":20},"end":{"line":26,"column":36}},"13":{"start":{"line":27,"column":6},"end":{"line":27,"column":23}},"14":{"start":{"line":29,"column":6},"end":{"line":29,"column":45}},"15":{"start":{"line":9,"column":13},"end":{"line":9,"column":24}},"16":{"start":{"line":9,"column":13},"end":{"line":32,"column":null}}},"fnMap":{"0":{"name":"(anonymous_8)","decl":{"start":{"line":10,"column":8},"end":{"line":10,"column":15}},"loc":{"start":{"line":10,"column":29},"end":{"line":18,"column":null}}},"1":{"name":"(anonymous_10)","decl":{"start":{"line":20,"column":8},"end":{"line":20,"column":17}},"loc":{"start":{"line":20,"column":44},"end":{"line":31,"column":null}}}},"branchMap":{"0":{"loc":{"start":{"line":23,"column":6},"end":{"line":25,"column":7}},"type":"if","locations":[{"start":{"line":23,"column":6},"end":{"line":25,"column":7}},{"start":{},"end":{}}]}},"s":{"0":0,"1":0,"2":0,"3":0,"4":0,"5":0,"6":0,"7":0,"8":0,"9":0,"10":0,"11":0,"12":0,"13":0,"14":0,"15":0,"16":0},"f":{"0":0,"1":0},"b":{"0":[0,0]}}
,"/workspace/PSA-Nashik-App/backend/src/modules/auth/jwt.service.ts": {"path":"/workspace/PSA-Nashik-App/backend/src/modules/auth/jwt.service.ts","statementMap":{"0":{"start":{"line":4,"column":0},"end":{"line":4,"column":31}},"1":{"start":{"line":5,"column":0},"end":{"line":5,"column":47}},"2":{"start":{"line":7,"column":19},"end":{"line":7,"column":23}},"3":{"start":{"line":15,"column":25},"end":{"line":21,"column":1}},"4":{"start":{"line":16,"column":2},"end":{"line":20,"column":4}},"5":{"start":{"line":15,"column":13},"end":{"line":15,"column":25}},"6":{"start":{"line":23,"column":25},"end":{"line":25,"column":1}},"7":{"start":{"line":24,"column":2},"end":{"line":24,"column":66}},"8":{"start":{"line":23,"column":13},"end":{"line":23,"column":25}},"9":{"start":{"line":27,"column":30},"end":{"line":29,"column":2}},"10":{"start":{"line":27,"column":85},"end":{"line":29,"column":2}},"11":{"start":{"line":28,"column":2},"end":{"line":28,"column":71}},"12":{"start":{"line":27,"column":13},"end":{"line":27,"column":30}},"13":{"start":{"line":31,"column":34},"end":{"line":33,"column":2}},"14":{"start":{"line":31,"column":76},"end":{"line":33,"column":2}},"15":{"start":{"line":32,"column":2},"end":{"line":32,"column":67}},"16":{"start":{"line":31,"column":13},"end":{"line":31,"column":34}}},"fnMap":{"0":{"name":"(anonymous_8)","decl":{"start":{"line":15,"column":25},"end":{"line":15,"column":26}},"loc":{"start":{"line":15,"column":51},"end":{"line":21,"column":1}}},"1":{"name":"(anonymous_9)","decl":{"start":{"line":23,"column":25},"end":{"line":23,"column":26}},"loc":{"start":{"line":23,"column":55},"end":{"line":25,"column":1}}},"2":{"name":"(anonymous_10)","decl":{"start":{"line":27,"column":30},"end":{"line":27,"column":37}},"loc":{"start":{"line":27,"column":85},"end":{"line":29,"column":2}}},"3":{"name":"(anonymous_11)","decl":{"start":{"line":27,"column":85},"end":{"line":27,"column":null}},"loc":{"start":{"line":27,"column":85},"end":{"line":29,"column":1}}},"4":{"name":"(anonymous_12)","decl":{"start":{"line":31,"column":34},"end":{"line":31,"column":41}},"loc":{"start":{"line":31,"column":76},"end":{"line":33,"column":2}}},"5":{"name":"(anonymous_13)","decl":{"start":{"line":31,"column":76},"end":{"line":31,"column":null}},"loc":{"start":{"line":31,"column":76},"end":{"line":33,"column":1}}}},"branchMap":{},"s":{"0":0,"1":0,"2":0,"3":0,"4":0,"5":0,"6":0,"7":0,"8":0,"9":0,"10":0,"11":0,"12":0,"13":0,"14":0,"15":0,"16":0},"f":{"0":0,"1":0,"2":0,"3":0,"4":0,"5":0},"b":{}}
,"/workspace/PSA-Nashik-App/backend/src/modules/auth/otp.service.ts": {"path":"/workspace/PSA-Nashik-App/backend/src/modules/auth/otp.service.ts","statementMap":{"0":{"start":{"line":3,"column":0},"end":{"line":3,"column":39}},"1":{"start":{"line":4,"column":0},"end":{"line":4,"column":47}},"2":{"start":{"line":6,"column":19},"end":{"line":6,"column":22}},"3":{"start":{"line":8,"column":27},"end":{"line":12,"column":2}},"4":{"start":{"line":8,"column":68},"end":{"line":12,"column":2}},"5":{"start":{"line":9,"column":14},"end":{"line":9,"column":69}},"6":{"start":{"line":10,"column":2},"end":{"line":10,"column":65}},"7":{"start":{"line":11,"column":2},"end":{"line":11,"column":13}},"8":{"start":{"line":8,"column":13},"end":{"line":8,"column":27}},"9":{"start":{"line":14,"column":25},"end":{"line":22,"column":2}},"10":{"start":{"line":14,"column":80},"end":{"line":22,"column":2}},"11":{"start":{"line":15,"column":20},"end":{"line":15,"column":57}},"12":{"start":{"line":16,"column":2},"end":{"line":16,"column":31}},"13":{"start":{"line":16,"column":18},"end":{"line":16,"column":31}},"14":{"start":{"line":18,"column":2},"end":{"line":21,"column":5}},"15":{"start":{"line":14,"column":13},"end":{"line":14,"column":25}}},"fnMap":{"0":{"name":"(anonymous_8)","decl":{"start":{"line":8,"column":27},"end":{"line":8,"column":34}},"loc":{"start":{"line":8,"column":68},"end":{"line":12,"column":2}}},"1":{"name":"(anonymous_9)","decl":{"start":{"line":8,"column":68},"end":{"line":8,"column":null}},"loc":{"start":{"line":8,"column":68},"end":{"line":12,"column":1}}},"2":{"name":"(anonymous_10)","decl":{"start":{"line":14,"column":25},"end":{"line":14,"column":32}},"loc":{"start":{"line":14,"column":80},"end":{"line":22,"column":2}}},"3":{"name":"(anonymous_11)","decl":{"start":{"line":14,"column":80},"end":{"line":14,"column":null}},"loc":{"start":{"line":14,"column":80},"end":{"line":22,"column":1}}}},"branchMap":{"0":{"loc":{"start":{"line":16,"column":2},"end":{"line":16,"column":31}},"type":"if","locations":[{"start":{"line":16,"column":2},"end":{"line":16,"column":31}},{"start":{},"end":{}}]}},"s":{"0":0,"1":0,"2":0,"3":0,"4":0,"5":0,"6":0,"7":0,"8":0,"9":0,"10":0,"11":0,"12":0,"13":0,"14":0,"15":0},"f":{"0":0,"1":0,"2":0,"3":0},"b":{"0":[0,0]}}
,"/workspace/PSA-Nashik-App/backend/src/modules/batches/batch.model.ts": {"path":"/workspace/PSA-Nashik-App/backend/src/modules/batches/batch.model.ts","statementMap":{"0":{"start":{"line":4,"column":0},"end":{"line":4,"column":76}},"1":{"start":{"line":5,"column":0},"end":{"line":5,"column":60}},"2":{"start":{"line":8,"column":7},"end":{"line":26,"column":null}},"3":{"start":{"line":8,"column":13},"end":{"line":8,"column":18}},"4":{"start":{"line":10,"column":2},"end":{"line":10,"column":null}},"5":{"start":{"line":13,"column":2},"end":{"line":13,"column":null}},"6":{"start":{"line":16,"column":2},"end":{"line":16,"column":null}},"7":{"start":{"line":19,"column":2},"end":{"line":19,"column":null}},"8":{"start":{"line":22,"column":2},"end":{"line":22,"column":null}},"9":{"start":{"line":25,"column":2},"end":{"line":25,"column":null}},"10":{"start":{"line":24,"column":19},"end":{"line":24,"column":29}},"11":{"start":{"line":24,"column":45},"end":{"line":24,"column":61}},"12":{"start":{"line":8,"column":13},"end":{"line":26,"column":null}}},"fnMap":{"0":{"name":"(anonymous_2)","decl":{"start":{"line":24,"column":13},"end":{"line":24,"column":16}},"loc":{"start":{"line":24,"column":19},"end":{"line":24,"column":29}}},"1":{"name":"(anonymous_3)","decl":{"start":{"line":24,"column":31},"end":{"line":24,"column":41}},"loc":{"start":{"line":24,"column":45},"end":{"line":24,"column":61}}}},"branchMap":{},"s":{"0":1,"1":1,"2":1,"3":1,"4":1,"5":1,"6":1,"7":1,"8":1,"9":1,"10":0,"11":0,"12":1},"f":{"0":0,"1":0},"b":{}}
,"/workspace/PSA-Nashik-App/backend/src/modules/fees/fees.model.ts": {"path":"/workspace/PSA-Nashik-App/backend/src/modules/fees/fees.model.ts","statementMap":{"0":{"start":{"line":2,"column":0},"end":{"line":2,"column":101}},"1":{"start":{"line":5,"column":7},"end":{"line":31,"column":null}},"2":{"start":{"line":5,"column":13},"end":{"line":5,"column":25}},"3":{"start":{"line":7,"column":2},"end":{"line":7,"column":null}},"4":{"start":{"line":10,"column":2},"end":{"line":10,"column":null}},"5":{"start":{"line":13,"column":2},"end":{"line":17,"column":null}},"6":{"start":{"line":20,"column":2},"end":{"line":24,"column":null}},"7":{"start":{"line":27,"column":2},"end":{"line":27,"column":null}},"8":{"start":{"line":30,"column":2},"end":{"line":30,"column":null}},"9":{"start":{"line":5,"column":13},"end":{"line":31,"column":null}}},"fnMap":{},"branchMap":{},"s":{"0":0,"1":0,"2":0,"3":0,"4":0,"5":0,"6":0,"7":0,"8":0,"9":0},"f":{},"b":{}}
,"/workspace/PSA-Nashik-App/backend/src/modules/fees/fees.service.ts": {"path":"/workspace/PSA-Nashik-App/backend/src/modules/fees/fees.service.ts","statementMap":{"0":{"start":{"line":2,"column":0},"end":{"line":2,"column":44}},"1":{"start":{"line":3,"column":0},"end":{"line":3,"column":51}},"2":{"start":{"line":4,"column":0},"end":{"line":4,"column":37}},"3":{"start":{"line":5,"column":0},"end":{"line":5,"column":44}},"4":{"start":{"line":8,"column":7},"end":{"line":32,"column":null}},"5":{"start":{"line":11,"column":12},"end":{"line":11,"column":27}},"6":{"start":{"line":15,"column":25},"end":{"line":17,"column":6}},"7":{"start":{"line":19,"column":4},"end":{"line":19,"column":66}},"8":{"start":{"line":19,"column":23},"end":{"line":19,"column":66}},"9":{"start":{"line":21,"column":20},"end":{"line":21,"column":53}},"10":{"start":{"line":22,"column":4},"end":{"line":22,"column":70}},"11":{"start":{"line":26,"column":4},"end":{"line":30,"column":19}},"12":{"start":{"line":27,"column":6},"end":{"line":29,"column":34}},"13":{"start":{"line":8,"column":13},"end":{"line":8,"column":24}},"14":{"start":{"line":8,"column":13},"end":{"line":32,"column":null}}},"fnMap":{"0":{"name":"(anonymous_11)","decl":{"start":{"line":9,"column":2},"end":{"line":9,"column":null}},"loc":{"start":{"line":11,"column":51},"end":{"line":12,"column":6}}},"1":{"name":"(anonymous_12)","decl":{"start":{"line":14,"column":8},"end":{"line":14,"column":27}},"loc":{"start":{"line":14,"column":45},"end":{"line":23,"column":null}}},"2":{"name":"(anonymous_14)","decl":{"start":{"line":25,"column":10},"end":{"line":25,"column":24}},"loc":{"start":{"line":25,"column":61},"end":{"line":31,"column":3}}},"3":{"name":"(anonymous_15)","decl":{"start":{"line":26,"column":28},"end":{"line":26,"column":29}},"loc":{"start":{"line":26,"column":49},"end":{"line":30,"column":5}}}},"branchMap":{"0":{"loc":{"start":{"line":19,"column":4},"end":{"line":19,"column":66}},"type":"if","locations":[{"start":{"line":19,"column":4},"end":{"line":19,"column":66}},{"start":{},"end":{}}]},"1":{"loc":{"start":{"line":22,"column":40},"end":{"line":22,"column":68}},"type":"binary-expr","locations":[{"start":{"line":22,"column":40},"end":{"line":22,"column":62}},{"start":{"line":22,"column":66},"end":{"line":22,"column":68}}]},"2":{"loc":{"start":{"line":27,"column":13},"end":{"line":29,"column":33}},"type":"cond-expr","locations":[{"start":{"line":28,"column":10},"end":{"line":28,"column":43}},{"start":{"line":29,"column":10},"end":{"line":29,"column":33}}]}},"s":{"0":0,"1":0,"2":0,"3":0,"4":0,"5":0,"6":0,"7":0,"8":0,"9":0,"10":0,"11":0,"12":0,"13":0,"14":0},"f":{"0":0,"1":0,"2":0,"3":0},"b":{"0":[0,0],"1":[0,0],"2":[0,0]}}
,"/workspace/PSA-Nashik-App/backend/src/modules/sports/sport.model.ts": {"path":"/workspace/PSA-Nashik-App/backend/src/modules/sports/sport.model.ts","statementMap":{"0":{"start":{"line":4,"column":0},"end":{"line":4,"column":76}},"1":{"start":{"line":5,"column":0},"end":{"line":5,"column":52}},"2":{"start":{"line":8,"column":7},"end":{"line":23,"column":null}},"3":{"start":{"line":8,"column":13},"end":{"line":8,"column":18}},"4":{"start":{"line":10,"column":2},"end":{"line":10,"column":null}},"5":{"start":{"line":13,"column":2},"end":{"line":13,"column":null}},"6":{"start":{"line":16,"column":2},"end":{"line":16,"column":null}},"7":{"start":{"line":19,"column":2},"end":{"line":19,"column":null}},"8":{"start":{"line":22,"column":2},"end":{"line":22,"column":null}},"9":{"start":{"line":21,"column":19},"end":{"line":21,"column":26}},"10":{"start":{"line":21,"column":39},"end":{"line":21,"column":54}},"11":{"start":{"line":8,"column":13},"end":{"line":23,"column":null}}},"fnMap":{"0":{"name":"(anonymous_2)","decl":{"start":{"line":21,"column":13},"end":{"line":21,"column":16}},"loc":{"start":{"line":21,"column":19},"end":{"line":21,"column":26}}},"1":{"name":"(anonymous_3)","decl":{"start":{"line":21,"column":28},"end":{"line":21,"column":35}},"loc":{"start":{"line":21,"column":39},"end":{"line":21,"column":54}}}},"branchMap":{},"s":{"0":1,"1":1,"2":1,"3":1,"4":1,"5":1,"6":1,"7":1,"8":1,"9":0,"10":0,"11":1},"f":{"0":0,"1":0},"b":{}}
,"/workspace/PSA-Nashik-App/backend/src/modules/students/student.controller.ts": {"path":"/workspace/PSA-Nashik-App/backend/src/modules/students/student.controller.ts","statementMap":{"0":{"start":{"line":6,"column":0},"end":{"line":6,"column":70}},"1":{"start":{"line":8,"column":0},"end":{"line":8,"column":null}},"2":{"start":{"line":20,"column":4},"end":{"line":20,"column":56}},"3":{"start":{"line":24,"column":4},"end":{"line":33,"column":5}},"4":{"start":{"line":25,"column":24},"end":{"line":25,"column":62}},"5":{"start":{"line":26,"column":6},"end":{"line":26,"column":59}},"6":{"start":{"line":26,"column":17},"end":{"line":26,"column":59}},"7":{"start":{"line":28,"column":22},"end":{"line":28,"column":58}},"8":{"start":{"line":29,"column":6},"end":{"line":29,"column":36}},"9":{"start":{"line":31,"column":21},"end":{"line":31,"column":88}},"10":{"start":{"line":32,"column":6},"end":{"line":32,"column":46}},"11":{"start":{"line":37,"column":21},"end":{"line":37,"column":49}},"12":{"start":{"line":38,"column":4},"end":{"line":38,"column":23}},"13":{"start":{"line":42,"column":4},"end":{"line":51,"column":5}},"14":{"start":{"line":43,"column":24},"end":{"line":43,"column":60}},"15":{"start":{"line":44,"column":6},"end":{"line":44,"column":59}},"16":{"start":{"line":44,"column":17},"end":{"line":44,"column":59}},"17":{"start":{"line":46,"column":22},"end":{"line":46,"column":93}},"18":{"start":{"line":47,"column":6},"end":{"line":47,"column":58}},"19":{"start":{"line":49,"column":21},"end":{"line":49,"column":87}},"20":{"start":{"line":50,"column":6},"end":{"line":50,"column":46}},"21":{"start":{"line":55,"column":4},"end":{"line":67,"column":5}},"22":{"start":{"line":56,"column":33},"end":{"line":56,"column":69}},"23":{"start":{"line":57,"column":6},"end":{"line":57,"column":63}},"24":{"start":{"line":57,"column":19},"end":{"line":57,"column":63}},"25":{"start":{"line":59,"column":35},"end":{"line":59,"column":73}},"26":{"start":{"line":60,"column":6},"end":{"line":60,"column":67}},"27":{"start":{"line":60,"column":21},"end":{"line":60,"column":67}},"28":{"start":{"line":62,"column":22},"end":{"line":62,"column":75}},"29":{"start":{"line":63,"column":6},"end":{"line":63,"column":24}},"30":{"start":{"line":65,"column":21},"end":{"line":65,"column":88}},"31":{"start":{"line":66,"column":6},"end":{"line":66,"column":46}},"32":{"start":{"line":71,"column":4},"end":{"line":84,"column":5}},"33":{"start":{"line":72,"column":24},"end":{"line":72,"column":60}},"34":{"start":{"line":73,"column":6},"end":{"line":73,"column":59}},"35":{"start":{"line":73,"column":17},"end":{"line":73,"column":59}},"36":{"start":{"line":75,"column":21},"end":{"line":75,"column":64}},"37":{"start":{"line":76,"column":6},"end":{"line":79,"column":7}},"38":{"start":{"line":77,"column":8},"end":{"line":77,"column":61}},"39":{"start":{"line":78,"column":8},"end":{"line":78,"column":15}},"40":{"start":{"line":80,"column":6},"end":{"line":80,"column":28}},"41":{"start":{"line":82,"column":21},"end":{"line":82,"column":88}},"42":{"start":{"line":83,"column":6},"end":{"line":83,"column":46}},"43":{"start":{"line":88,"column":4},"end":{"line":101,"column":5}},"44":{"start":{"line":89,"column":24},"end":{"line":89,"column":58}},"45":{"start":{"line":90,"column":6},"end":{"line":90,"column":59}},"46":{"start":{"line":90,"column":17},"end":{"line":90,"column":59}},"47":{"start":{"line":92,"column":23},"end":{"line":92,"column":86}},"48":{"start":{"line":93,"column":6},"end":{"line":96,"column":7}},"49":{"start":{"line":94,"column":8},"end":{"line":94,"column":76}},"50":{"start":{"line":95,"column":8},"end":{"line":95,"column":15}},"51":{"start":{"line":97,"column":6},"end":{"line":97,"column":25}},"52":{"start":{"line":99,"column":21},"end":{"line":99,"column":97}},"53":{"start":{"line":100,"column":6},"end":{"line":100,"column":46}},"54":{"start":{"line":105,"column":4},"end":{"line":116,"column":5}},"55":{"start":{"line":106,"column":24},"end":{"line":106,"column":58}},"56":{"start":{"line":107,"column":6},"end":{"line":107,"column":59}},"57":{"start":{"line":107,"column":17},"end":{"line":107,"column":59}},"58":{"start":{"line":109,"column":23},"end":{"line":111,"column":18}},"59":{"start":{"line":112,"column":6},"end":{"line":112,"column":25}},"60":{"start":{"line":114,"column":21},"end":{"line":114,"column":97}},"61":{"start":{"line":115,"column":6},"end":{"line":115,"column":46}},"62":{"start":{"line":16,"column":0},"end":{"line":16,"column":13}}},"fnMap":{"0":{"name":"(anonymous_7)","decl":{"start":{"line":19,"column":2},"end":{"line":19,"column":14}},"loc":{"start":{"line":19,"column":36},"end":{"line":21,"column":3}}},"1":{"name":"(anonymous_8)","decl":{"start":{"line":23,"column":8},"end":{"line":23,"column":21}},"loc":{"start":{"line":23,"column":49},"end":{"line":34,"column":null}}},"2":{"name":"(anonymous_10)","decl":{"start":{"line":36,"column":8},"end":{"line":36,"column":22}},"loc":{"start":{"line":36,"column":50},"end":{"line":39,"column":null}}},"3":{"name":"(anonymous_12)","decl":{"start":{"line":41,"column":8},"end":{"line":41,"column":22}},"loc":{"start":{"line":41,"column":50},"end":{"line":52,"column":null}}},"4":{"name":"(anonymous_14)","decl":{"start":{"line":54,"column":8},"end":{"line":54,"column":21}},"loc":{"start":{"line":54,"column":49},"end":{"line":68,"column":null}}},"5":{"name":"(anonymous_16)","decl":{"start":{"line":70,"column":8},"end":{"line":70,"column":21}},"loc":{"start":{"line":70,"column":49},"end":{"line":85,"column":null}}},"6":{"name":"(anonymous_18)","decl":{"start":{"line":87,"column":8},"end":{"line":87,"column":26}},"loc":{"start":{"line":87,"column":54},"end":{"line":102,"column":null}}},"7":{"name":"(anonymous_20)","decl":{"start":{"line":104,"column":8},"end":{"line":104,"column":26}},"loc":{"start":{"line":104,"column":54},"end":{"line":117,"column":null}}}},"branchMap":{"0":{"loc":{"start":{"line":26,"column":6},"end":{"line":26,"column":59}},"type":"if","locations":[{"start":{"line":26,"column":6},"end":{"line":26,"column":59}},{"start":{},"end":{}}]},"1":{"loc":{"start":{"line":31,"column":21},"end":{"line":31,"column":88}},"type":"cond-expr","locations":[{"start":{"line":31,"column":46},"end":{"line":31,"column":59}},{"start":{"line":31,"column":62},"end":{"line":31,"column":88}}]},"2":{"loc":{"start":{"line":44,"column":6},"end":{"line":44,"column":59}},"type":"if","locations":[{"start":{"line":44,"column":6},"end":{"line":44,"column":59}},{"start":{},"end":{}}]},"3":{"loc":{"start":{"line":47,"column":6},"end":{"line":47,"column":57}},"type":"cond-expr","locations":[{"start":{"line":47,"column":16},"end":{"line":47,"column":33}},{"start":{"line":47,"column":36},"end":{"line":47,"column":57}}]},"4":{"loc":{"start":{"line":49,"column":21},"end":{"line":49,"column":87}},"type":"cond-expr","locations":[{"start":{"line":49,"column":46},"end":{"line":49,"column":59}},{"start":{"line":49,"column":62},"end":{"line":49,"column":87}}]},"5":{"loc":{"start":{"line":57,"column":6},"end":{"line":57,"column":63}},"type":"if","locations":[{"start":{"line":57,"column":6},"end":{"line":57,"column":63}},{"start":{},"end":{}}]},"6":{"loc":{"start":{"line":60,"column":6},"end":{"line":60,"column":67}},"type":"if","locations":[{"start":{"line":60,"column":6},"end":{"line":60,"column":67}},{"start":{},"end":{}}]},"7":{"loc":{"start":{"line":65,"column":21},"end":{"line":65,"column":88}},"type":"cond-expr","locations":[{"start":{"line":65,"column":46},"end":{"line":65,"column":59}},{"start":{"line":65,"column":62},"end":{"line":65,"column":88}}]},"8":{"loc":{"start":{"line":73,"column":6},"end":{"line":73,"column":59}},"type":"if","locations":[{"start":{"line":73,"column":6},"end":{"line":73,"column":59}},{"start":{},"end":{}}]},"9":{"loc":{"start":{"line":76,"column":6},"end":{"line":79,"column":7}},"type":"if","locations":[{"start":{"line":76,"column":6},"end":{"line":79,"column":7}},{"start":{},"end":{}}]},"10":{"loc":{"start":{"line":82,"column":21},"end":{"line":82,"column":88}},"type":"cond-expr","locations":[{"start":{"line":82,"column":46},"end":{"line":82,"column":59}},{"start":{"line":82,"column":62},"end":{"line":82,"column":88}}]},"11":{"loc":{"start":{"line":90,"column":6},"end":{"line":90,"column":59}},"type":"if","locations":[{"start":{"line":90,"column":6},"end":{"line":90,"column":59}},{"start":{},"end":{}}]},"12":{"loc":{"start":{"line":93,"column":6},"end":{"line":96,"column":7}},"type":"if","locations":[{"start":{"line":93,"column":6},"end":{"line":96,"column":7}},{"start":{},"end":{}}]},"13":{"loc":{"start":{"line":93,"column":10},"end":{"line":93,"column":44}},"type":"binary-expr","locations":[{"start":{"line":93,"column":10},"end":{"line":93,"column":19}},{"start":{"line":93,"column":23},"end":{"line":93,"column":44}}]},"14":{"loc":{"start":{"line":99,"column":21},"end":{"line":99,"column":97}},"type":"cond-expr","locations":[{"start":{"line":99,"column":46},"end":{"line":99,"column":59}},{"start":{"line":99,"column":62},"end":{"line":99,"column":97}}]},"15":{"loc":{"start":{"line":107,"column":6},"end":{"line":107,"column":59}},"type":"if","locations":[{"start":{"line":107,"column":6},"end":{"line":107,"column":59}},{"start":{},"end":{}}]},"16":{"loc":{"start":{"line":114,"column":21},"end":{"line":114,"column":97}},"type":"cond-expr","locations":[{"start":{"line":114,"column":46},"end":{"line":114,"column":59}},{"start":{"line":114,"column":62},"end":{"line":114,"column":97}}]}},"s":{"0":0,"1":0,"2":0,"3":0,"4":0,"5":0,"6":0,"7":0,"8":0,"9":0,"10":0,"11":0,"12":0,"13":0,"14":0,"15":0,"16":0,"17":0,"18":0,"19":0,"20":0,"21":0,"22":0,"23":0,"24":0,"25":0,"26":0,"27":0,"28":0,"29":0,"30":0,"31":0,"32":0,"33":0,"34":0,"35":0,"36":0,"37":0,"38":0,"39":0,"40":0,"41":0,"42":0,"43":0,"44":0,"45":0,"46":0,"47":0,"48":0,"49":0,"50":0,"51":0,"52":0,"53":0,"54":0,"55":0,"56":0,"57":0,"58":0,"59":0,"60":0,"61":0,"62":0},"f":{"0":0,"1":0,"2":0,"3":0,"4":0,"5":0,"6":0,"7":0},"b":{"0":[0,0],"1":[0,0],"2":[0,0],"3":[0,0],"4":[0,0],"5":[0,0],"6":[0,0],"7":[0,0],"8":[0,0],"9":[0,0],"10":[0,0],"11":[0,0],"12":[0,0],"13":[0,0],"14":[0,0],"15":[0,0],"16":[0,0]}}
,"/workspace/PSA-Nashik-App/backend/src/modules/students/student.model.ts": {"path":"/workspace/PSA-Nashik-App/backend/src/modules/students/student.model.ts","statementMap":{"0":{"start":{"line":4,"column":0},"end":{"line":4,"column":76}},"1":{"start":{"line":5,"column":0},"end":{"line":5,"column":60}},"2":{"start":{"line":8,"column":7},"end":{"line":32,"column":null}},"3":{"start":{"line":8,"column":13},"end":{"line":8,"column":20}},"4":{"start":{"line":10,"column":2},"end":{"line":10,"column":null}},"5":{"start":{"line":13,"column":2},"end":{"line":13,"column":null}},"6":{"start":{"line":16,"column":2},"end":{"line":16,"column":null}},"7":{"start":{"line":19,"column":2},"end":{"line":19,"column":null}},"8":{"start":{"line":22,"column":2},"end":{"line":22,"column":null}},"9":{"start":{"line":25,"column":2},"end":{"line":25,"column":null}},"10":{"start":{"line":28,"column":2},"end":{"line":28,"column":null}},"11":{"start":{"line":31,"column":2},"end":{"line":31,"column":null}},"12":{"start":{"line":30,"column":19},"end":{"line":30,"column":29}},"13":{"start":{"line":30,"column":45},"end":{"line":30,"column":63}},"14":{"start":{"line":8,"column":13},"end":{"line":32,"column":null}}},"fnMap":{"0":{"name":"(anonymous_2)","decl":{"start":{"line":30,"column":13},"end":{"line":30,"column":16}},"loc":{"start":{"line":30,"column":19},"end":{"line":30,"column":29}}},"1":{"name":"(anonymous_3)","decl":{"start":{"line":30,"column":31},"end":{"line":30,"column":41}},"loc":{"start":{"line":30,"column":45},"end":{"line":30,"column":63}}}},"branchMap":{},"s":{"0":1,"1":1,"2":1,"3":1,"4":1,"5":1,"6":1,"7":1,"8":1,"9":1,"10":1,"11":1,"12":0,"13":0,"14":1},"f":{"0":0,"1":0},"b":{}}
,"/workspace/PSA-Nashik-App/backend/src/modules/students/student.routes.ts": {"path":"/workspace/PSA-Nashik-App/backend/src/modules/students/student.routes.ts","statementMap":{"0":{"start":{"line":1,"column":0},"end":{"line":1,"column":50}},"1":{"start":{"line":4,"column":0},"end":{"line":4,"column":33}},"2":{"start":{"line":5,"column":0},"end":{"line":5,"column":57}},"3":{"start":{"line":7,"column":15},"end":{"line":7,"column":23}},"4":{"start":{"line":8,"column":19},"end":{"line":8,"column":55}},"5":{"start":{"line":11,"column":0},"end":{"line":11,"column":43}},"6":{"start":{"line":12,"column":0},"end":{"line":12,"column":43}},"7":{"start":{"line":13,"column":0},"end":{"line":13,"column":46}},"8":{"start":{"line":14,"column":0},"end":{"line":14,"column":45}},"9":{"start":{"line":15,"column":0},"end":{"line":15,"column":48}},"10":{"start":{"line":18,"column":0},"end":{"line":18,"column":61}},"11":{"start":{"line":19,"column":0},"end":{"line":19,"column":61}},"12":{"start":{"line":21,"column":13},"end":{"line":21,"column":36}}},"fnMap":{},"branchMap":{},"s":{"0":0,"1":0,"2":0,"3":0,"4":0,"5":0,"6":0,"7":0,"8":0,"9":0,"10":0,"11":0,"12":0},"f":{},"b":{}}
,"/workspace/PSA-Nashik-App/backend/src/modules/students/student.service.ts": {"path":"/workspace/PSA-Nashik-App/backend/src/modules/students/student.service.ts","statementMap":{"0":{"start":{"line":1,"column":0},"end":{"line":1,"column":44}},"1":{"start":{"line":2,"column":0},"end":{"line":2,"column":73}},"2":{"start":{"line":6,"column":7},"end":{"line":21,"column":null}},"3":{"start":{"line":7,"column":22},"end":{"line":7,"column":41}},"4":{"start":{"line":10,"column":4},"end":{"line":10,"column":53}},"5":{"start":{"line":14,"column":4},"end":{"line":14,"column":51}},"6":{"start":{"line":18,"column":20},"end":{"line":18,"column":62}},"7":{"start":{"line":19,"column":4},"end":{"line":19,"column":48}},"8":{"start":{"line":6,"column":13},"end":{"line":6,"column":27}},"9":{"start":{"line":6,"column":13},"end":{"line":21,"column":null}}},"fnMap":{"0":{"name":"(anonymous_9)","decl":{"start":{"line":7,"column":2},"end":{"line":7,"column":22}},"loc":{"start":{"line":7,"column":58},"end":{"line":7,"column":62}}},"1":{"name":"(anonymous_10)","decl":{"start":{"line":9,"column":8},"end":{"line":9,"column":19}},"loc":{"start":{"line":9,"column":33},"end":{"line":11,"column":null}}},"2":{"name":"(anonymous_12)","decl":{"start":{"line":13,"column":8},"end":{"line":13,"column":18}},"loc":{"start":{"line":13,"column":31},"end":{"line":15,"column":null}}},"3":{"name":"(anonymous_14)","decl":{"start":{"line":17,"column":8},"end":{"line":17,"column":14}},"loc":{"start":{"line":17,"column":44},"end":{"line":20,"column":null}}}},"branchMap":{},"s":{"0":0,"1":0,"2":0,"3":0,"4":0,"5":0,"6":0,"7":0,"8":0,"9":0},"f":{"0":0,"1":0,"2":0,"3":0},"b":{}}
,"/workspace/PSA-Nashik-App/backend/src/modules/students/student.validations.ts": {"path":"/workspace/PSA-Nashik-App/backend/src/modules/students/student.validations.ts","statementMap":{"0":{"start":{"line":4,"column":0},"end":{"line":4,"column":22}},"1":{"start":{"line":6,"column":13},"end":{"line":13,"column":3}},"2":{"start":{"line":15,"column":13},"end":{"line":22,"column":10}},"3":{"start":{"line":24,"column":13},"end":{"line":26,"column":3}},"4":{"start":{"line":28,"column":13},"end":{"line":30,"column":3}},"5":{"start":{"line":32,"column":13},"end":{"line":34,"column":3}}},"fnMap":{},"branchMap":{},"s":{"0":0,"1":0,"2":0,"3":0,"4":0,"5":0},"f":{},"b":{}}
,"/workspace/PSA-Nashik-App/backend/src/modules/students/repositories/student.repository.ts": {"path":"/workspace/PSA-Nashik-App/backend/src/modules/students/repositories/student.repository.ts","statementMap":{"0":{"start":{"line":2,"column":0},"end":{"line":2,"column":49}},"1":{"start":{"line":3,"column":0},"end":{"line":3,"column":43}},"2":{"start":{"line":7,"column":4},"end":{"line":7,"column":53}},"3":{"start":{"line":6,"column":22},"end":{"line":6,"column":44}},"4":{"start":{"line":10,"column":4},"end":{"line":12,"column":17}},"5":{"start":{"line":16,"column":4},"end":{"line":19,"column":17}},"6":{"start":{"line":5,"column":0},"end":{"line":5,"column":13}}},"fnMap":{"0":{"name":"(anonymous_7)","decl":{"start":{"line":6,"column":2},"end":{"line":6,"column":22}},"loc":{"start":{"line":6,"column":44},"end":{"line":8,"column":3}}},"1":{"name":"(anonymous_8)","decl":{"start":{"line":9,"column":8},"end":{"line":9,"column":19}},"loc":{"start":{"line":9,"column":35},"end":{"line":13,"column":null}}},"2":{"name":"(anonymous_10)","decl":{"start":{"line":15,"column":8},"end":{"line":15,"column":30}},"loc":{"start":{"line":15,"column":30},"end":{"line":20,"column":null}}}},"branchMap":{},"s":{"0":0,"1":0,"2":0,"3":0,"4":0,"5":0,"6":0},"f":{"0":0,"1":0,"2":0},"b":{}}
,"/workspace/PSA-Nashik-App/backend/src/modules/users/user.model.ts": {"path":"/workspace/PSA-Nashik-App/backend/src/modules/users/user.model.ts","statementMap":{"0":{"start":{"line":2,"column":0},"end":{"line":2,"column":76}},"1":{"start":{"line":3,"column":0},"end":{"line":3,"column":60}},"2":{"start":{"line":6,"column":7},"end":{"line":24,"column":null}},"3":{"start":{"line":6,"column":13},"end":{"line":6,"column":17}},"4":{"start":{"line":8,"column":2},"end":{"line":8,"column":null}},"5":{"start":{"line":11,"column":2},"end":{"line":11,"column":null}},"6":{"start":{"line":14,"column":2},"end":{"line":14,"column":null}},"7":{"start":{"line":17,"column":2},"end":{"line":17,"column":null}},"8":{"start":{"line":20,"column":2},"end":{"line":20,"column":null}},"9":{"start":{"line":23,"column":2},"end":{"line":23,"column":null}},"10":{"start":{"line":22,"column":19},"end":{"line":22,"column":29}},"11":{"start":{"line":22,"column":45},"end":{"line":22,"column":64}},"12":{"start":{"line":6,"column":13},"end":{"line":24,"column":null}}},"fnMap":{"0":{"name":"(anonymous_2)","decl":{"start":{"line":22,"column":13},"end":{"line":22,"column":16}},"loc":{"start":{"line":22,"column":19},"end":{"line":22,"column":29}}},"1":{"name":"(anonymous_3)","decl":{"start":{"line":22,"column":31},"end":{"line":22,"column":41}},"loc":{"start":{"line":22,"column":45},"end":{"line":22,"column":64}}}},"branchMap":{},"s":{"0":1,"1":1,"2":1,"3":1,"4":1,"5":1,"6":1,"7":1,"8":1,"9":1,"10":0,"11":0,"12":1},"f":{"0":0,"1":0},"b":{}}
,"/workspace/PSA-Nashik-App/backend/src/payments/payment.controller.ts": {"path":"/workspace/PSA-Nashik-App/backend/src/payments/payment.controller.ts","statementMap":{"0":{"start":{"line":3,"column":0},"end":{"line":3,"column":32}},"1":{"start":{"line":4,"column":0},"end":{"line":4,"column":28}},"2":{"start":{"line":5,"column":0},"end":{"line":5,"column":61}},"3":{"start":{"line":14,"column":17},"end":{"line":17,"column":2}},"4":{"start":{"line":19,"column":27},"end":{"line":49,"column":2}},"5":{"start":{"line":19,"column":65},"end":{"line":49,"column":2}},"6":{"start":{"line":20,"column":2},"end":{"line":48,"column":3}},"7":{"start":{"line":21,"column":22},"end":{"line":21,"column":54}},"8":{"start":{"line":22,"column":4},"end":{"line":22,"column":85}},"9":{"start":{"line":22,"column":15},"end":{"line":22,"column":85}},"10":{"start":{"line":24,"column":39},"end":{"line":32,"column":6}},"11":{"start":{"line":34,"column":18},"end":{"line":34,"column":60}},"12":{"start":{"line":35,"column":4},"end":{"line":40,"column":7}},"13":{"start":{"line":42,"column":4},"end":{"line":42,"column":44}},"14":{"start":{"line":43,"column":4},"end":{"line":47,"column":7}},"15":{"start":{"line":19,"column":13},"end":{"line":19,"column":27}},"16":{"start":{"line":51,"column":29},"end":{"line":79,"column":2}},"17":{"start":{"line":51,"column":67},"end":{"line":79,"column":2}},"18":{"start":{"line":52,"column":73},"end":{"line":52,"column":81}},"19":{"start":{"line":54,"column":2},"end":{"line":78,"column":3}},"20":{"start":{"line":55,"column":31},"end":{"line":58,"column":20}},"21":{"start":{"line":60,"column":4},"end":{"line":62,"column":5}},"22":{"start":{"line":61,"column":6},"end":{"line":61,"column":82}},"23":{"start":{"line":67,"column":4},"end":{"line":71,"column":7}},"24":{"start":{"line":73,"column":4},"end":{"line":73,"column":57}},"25":{"start":{"line":74,"column":4},"end":{"line":77,"column":7}},"26":{"start":{"line":51,"column":13},"end":{"line":51,"column":29}}},"fnMap":{"0":{"name":"(anonymous_8)","decl":{"start":{"line":19,"column":27},"end":{"line":19,"column":34}},"loc":{"start":{"line":19,"column":65},"end":{"line":49,"column":2}}},"1":{"name":"(anonymous_9)","decl":{"start":{"line":19,"column":65},"end":{"line":19,"column":null}},"loc":{"start":{"line":19,"column":65},"end":{"line":49,"column":1}}},"2":{"name":"(anonymous_10)","decl":{"start":{"line":51,"column":29},"end":{"line":51,"column":36}},"loc":{"start":{"line":51,"column":67},"end":{"line":79,"column":2}}},"3":{"name":"(anonymous_11)","decl":{"start":{"line":51,"column":67},"end":{"line":51,"column":null}},"loc":{"start":{"line":51,"column":67},"end":{"line":79,"column":1}}}},"branchMap":{"0":{"loc":{"start":{"line":15,"column":10},"end":{"line":15,"column":43}},"type":"binary-expr","locations":[{"start":{"line":15,"column":10},"end":{"line":15,"column":37}},{"start":{"line":15,"column":41},"end":{"line":15,"column":43}}]},"1":{"loc":{"start":{"line":16,"column":14},"end":{"line":16,"column":51}},"type":"binary-expr","locations":[{"start":{"line":16,"column":14},"end":{"line":16,"column":45}},{"start":{"line":16,"column":49},"end":{"line":16,"column":51}}]},"2":{"loc":{"start":{"line":22,"column":4},"end":{"line":22,"column":85}},"type":"if","locations":[{"start":{"line":22,"column":4},"end":{"line":22,"column":85}},{"start":{},"end":{}}]},"3":{"loc":{"start":{"line":46,"column":15},"end":{"line":46,"column":71}},"type":"cond-expr","locations":[{"start":{"line":46,"column":40},"end":{"line":46,"column":53}},{"start":{"line":46,"column":56},"end":{"line":46,"column":71}}]},"4":{"loc":{"start":{"line":56,"column":28},"end":{"line":56,"column":65}},"type":"binary-expr","locations":[{"start":{"line":56,"column":28},"end":{"line":56,"column":59}},{"start":{"line":56,"column":63},"end":{"line":56,"column":65}}]},"5":{"loc":{"start":{"line":60,"column":4},"end":{"line":62,"column":5}},"type":"if","locations":[{"start":{"line":60,"column":4},"end":{"line":62,"column":5}},{"start":{},"end":{}}]}},"s":{"0":0,"1":0,"2":0,"3":0,"4":0,"5":0,"6":0,"7":0,"8":0,"9":0,"10":0,"11":0,"12":0,"13":0,"14":0,"15":0,"16":0,"17":0,"18":0,"19":0,"20":0,"21":0,"22":0,"23":0,"24":0,"25":0,"26":0},"f":{"0":0,"1":0,"2":0,"3":0},"b":{"0":[0,0],"1":[0,0],"2":[0,0],"3":[0,0],"4":[0,0],"5":[0,0]}}
,"/workspace/PSA-Nashik-App/backend/src/payments/payment.validator.ts": {"path":"/workspace/PSA-Nashik-App/backend/src/payments/payment.validator.ts","statementMap":{"0":{"start":{"line":2,"column":0},"end":{"line":2,"column":22}},"1":{"start":{"line":4,"column":38},"end":{"line":12,"column":1}},"2":{"start":{"line":5,"column":17},"end":{"line":9,"column":4}},"3":{"start":{"line":11,"column":2},"end":{"line":11,"column":54}},"4":{"start":{"line":4,"column":13},"end":{"line":4,"column":38}}},"fnMap":{"0":{"name":"(anonymous_1)","decl":{"start":{"line":4,"column":38},"end":{"line":4,"column":39}},"loc":{"start":{"line":4,"column":56},"end":{"line":12,"column":1}}}},"branchMap":{},"s":{"0":0,"1":0,"2":0,"3":0,"4":0},"f":{"0":0},"b":{}}
,"/workspace/PSA-Nashik-App/backend/src/services/StudentService.ts": {"path":"/workspace/PSA-Nashik-App/backend/src/services/StudentService.ts","statementMap":{"0":{"start":{"line":1,"column":0},"end":{"line":1,"column":44}},"1":{"start":{"line":2,"column":0},"end":{"line":2,"column":70}},"2":{"start":{"line":6,"column":7},"end":{"line":25,"column":null}},"3":{"start":{"line":7,"column":22},"end":{"line":7,"column":41}},"4":{"start":{"line":10,"column":4},"end":{"line":10,"column":53}},"5":{"start":{"line":14,"column":4},"end":{"line":14,"column":51}},"6":{"start":{"line":18,"column":20},"end":{"line":18,"column":62}},"7":{"start":{"line":19,"column":4},"end":{"line":19,"column":48}},"8":{"start":{"line":23,"column":4},"end":{"line":23,"column":44}},"9":{"start":{"line":6,"column":13},"end":{"line":6,"column":27}},"10":{"start":{"line":6,"column":13},"end":{"line":25,"column":null}}},"fnMap":{"0":{"name":"(anonymous_9)","decl":{"start":{"line":7,"column":2},"end":{"line":7,"column":22}},"loc":{"start":{"line":7,"column":58},"end":{"line":7,"column":62}}},"1":{"name":"(anonymous_10)","decl":{"start":{"line":9,"column":8},"end":{"line":9,"column":19}},"loc":{"start":{"line":9,"column":33},"end":{"line":11,"column":null}}},"2":{"name":"(anonymous_12)","decl":{"start":{"line":13,"column":8},"end":{"line":13,"column":18}},"loc":{"start":{"line":13,"column":31},"end":{"line":15,"column":null}}},"3":{"name":"(anonymous_14)","decl":{"start":{"line":17,"column":8},"end":{"line":17,"column":14}},"loc":{"start":{"line":17,"column":44},"end":{"line":20,"column":null}}},"4":{"name":"(anonymous_16)","decl":{"start":{"line":22,"column":8},"end":{"line":22,"column":14}},"loc":{"start":{"line":22,"column":25},"end":{"line":24,"column":null}}}},"branchMap":{},"s":{"0":0,"1":0,"2":0,"3":0,"4":0,"5":0,"6":0,"7":0,"8":0,"9":0,"10":0},"f":{"0":0,"1":0,"2":0,"3":0,"4":0},"b":{}}
,"/workspace/PSA-Nashik-App/backend/src/services/notification.service.ts": {"path":"/workspace/PSA-Nashik-App/backend/src/services/notification.service.ts","statementMap":{"0":{"start":{"line":2,"column":0},"end":{"line":2,"column":26}},"1":{"start":{"line":3,"column":0},"end":{"line":3,"column":35}},"2":{"start":{"line":15,"column":4},"end":{"line":15,"column":44}},"3":{"start":{"line":15,"column":31},"end":{"line":15,"column":44}},"4":{"start":{"line":17,"column":4},"end":{"line":40,"column":5}},"5":{"start":{"line":18,"column":23},"end":{"line":35,"column":8}},"6":{"start":{"line":28,"column":83},"end":{"line":31,"column":16}},"7":{"start":{"line":36,"column":6},"end":{"line":36,"column":37}},"8":{"start":{"line":38,"column":6},"end":{"line":38,"column":60}},"9":{"start":{"line":39,"column":6},"end":{"line":39,"column":19}},"10":{"start":{"line":11,"column":0},"end":{"line":11,"column":13}},"11":{"start":{"line":12,"column":17},"end":{"line":12,"column":59}}},"fnMap":{"0":{"name":"(anonymous_8)","decl":{"start":{"line":14,"column":2},"end":{"line":14,"column":8}},"loc":{"start":{"line":14,"column":52},"end":{"line":41,"column":null}}},"1":{"name":"(anonymous_10)","decl":{"start":{"line":28,"column":64},"end":{"line":28,"column":65}},"loc":{"start":{"line":28,"column":83},"end":{"line":31,"column":16}}}},"branchMap":{"0":{"loc":{"start":{"line":15,"column":4},"end":{"line":15,"column":44}},"type":"if","locations":[{"start":{"line":15,"column":4},"end":{"line":15,"column":44}},{"start":{},"end":{}}]},"1":{"loc":{"start":{"line":25,"column":22},"end":{"line":33,"column":23}},"type":"cond-expr","locations":[{"start":{"line":25,"column":42},"end":{"line":33,"column":12}},{"start":{"line":33,"column":14},"end":{"line":33,"column":23}}]}},"s":{"0":1,"1":1,"2":3,"3":0,"4":3,"5":3,"6":0,"7":1,"8":2,"9":2,"10":1,"11":1},"f":{"0":3,"1":0},"b":{"0":[0,3],"1":[0,3]}}
,"/workspace/PSA-Nashik-App/backend/src/services/redis.ts": {"path":"/workspace/PSA-Nashik-App/backend/src/services/redis.ts","statementMap":{"0":{"start":{"line":4,"column":0},"end":{"line":4,"column":37}},"1":{"start":{"line":5,"column":0},"end":{"line":5,"column":28}},"2":{"start":{"line":7,"column":0},"end":{"line":7,"column":16}},"3":{"start":{"line":9,"column":20},"end":{"line":11,"column":2}},"4":{"start":{"line":13,"column":0},"end":{"line":15,"column":3}},"5":{"start":{"line":14,"column":2},"end":{"line":14,"column":37}},"6":{"start":{"line":17,"column":21},"end":{"line":25,"column":2}},"7":{"start":{"line":17,"column":32},"end":{"line":25,"column":2}},"8":{"start":{"line":18,"column":2},"end":{"line":24,"column":3}},"9":{"start":{"line":19,"column":4},"end":{"line":19,"column":32}},"10":{"start":{"line":20,"column":4},"end":{"line":20,"column":48}},"11":{"start":{"line":22,"column":4},"end":{"line":22,"column":51}},"12":{"start":{"line":23,"column":4},"end":{"line":23,"column":20}},"13":{"start":{"line":28,"column":9},"end":{"line":28,"column":21}},"14":{"start":{"line":27,"column":0},"end":{"line":27,"column":27}}},"fnMap":{"0":{"name":"(anonymous_8)","decl":{"start":{"line":13,"column":24},"end":{"line":13,"column":25}},"loc":{"start":{"line":13,"column":32},"end":{"line":15,"column":1}}},"1":{"name":"(anonymous_9)","decl":{"start":{"line":17,"column":21},"end":{"line":17,"column":30}},"loc":{"start":{"line":17,"column":32},"end":{"line":25,"column":2}}},"2":{"name":"(anonymous_10)","decl":{"start":{"line":17,"column":32},"end":{"line":17,"column":null}},"loc":{"start":{"line":17,"column":32},"end":{"line":25,"column":1}}}},"branchMap":{"0":{"loc":{"start":{"line":10,"column":7},"end":{"line":10,"column":56}},"type":"binary-expr","locations":[{"start":{"line":10,"column":7},"end":{"line":10,"column":28}},{"start":{"line":10,"column":32},"end":{"line":10,"column":56}}]}},"s":{"0":0,"1":0,"2":0,"3":0,"4":0,"5":0,"6":0,"7":0,"8":0,"9":0,"10":0,"11":0,"12":0,"13":0,"14":0},"f":{"0":0,"1":0,"2":0},"b":{"0":[0,0]}}
,"/workspace/PSA-Nashik-App/backend/src/types/auth.d.ts": {"path":"/workspace/PSA-Nashik-App/backend/src/types/auth.d.ts","statementMap":{},"fnMap":{},"branchMap":{},"s":{},"f":{},"b":{}}
,"/workspace/PSA-Nashik-App/backend/src/types/express.d.ts": {"path":"/workspace/PSA-Nashik-App/backend/src/types/express.d.ts","statementMap":{},"fnMap":{},"branchMap":{},"s":{},"f":{},"b":{}}
}
